{"numTotalTestSuites":4,"numPassedTestSuites":0,"numFailedTestSuites":4,"numPendingTestSuites":0,"numTotalTests":51,"numPassedTests":40,"numFailedTests":11,"numPendingTests":0,"numTodoTests":0,"snapshot":{"added":0,"failure":false,"filesAdded":0,"filesRemoved":0,"filesRemovedList":[],"filesUnmatched":0,"filesUpdated":0,"matched":0,"total":0,"unchecked":0,"uncheckedKeysByFile":[],"unmatched":0,"updated":0,"didUpdate":false},"startTime":1784097000691,"success":false,"testResults":[{"assertionResults":[{"ancestorTitles":["App composition contracts"],"fullName":"App composition contracts renders the route matrix entry '/login'","status":"passed","title":"renders the route matrix entry '/login'","duration":81.59490000000005,"failureMessages":[],"meta":{}},{"ancestorTitles":["App composition contracts"],"fullName":"App composition contracts renders the route matrix entry '/register'","status":"passed","title":"renders the route matrix entry '/register'","duration":15.122899999999845,"failureMessages":[],"meta":{}},{"ancestorTitles":["App composition contracts"],"fullName":"App composition contracts renders the route matrix entry '/projects'","status":"passed","title":"renders the route matrix entry '/projects'","duration":53.70000000000027,"failureMessages":[],"meta":{}},{"ancestorTitles":["App composition contracts"],"fullName":"App composition contracts renders the route matrix entry '/projects/p1/storyboard'","status":"failed","title":"renders the route matrix entry '/projects/p1/storyboard'","duration":1022.0818999999997,"failureMessages":["Error: Unable to find an element with the text: 分镜列表. This could be because the text is broken up by multiple elements. In this case, you can provide a function for your text matcher to make your matcher more flexible.\n\nIgnored nodes: comments, script, style\n\u001b[36m<body>\u001b[39m\n  \u001b[36m<div>\u001b[39m\n    \u001b[36m<div\u001b[39m\n      \u001b[33mclass\u001b[39m=\u001b[32m\"workbench-shell\"\u001b[39m\n    \u001b[36m>\u001b[39m\n      \u001b[36m<header\u001b[39m\n        \u001b[33mclass\u001b[39m=\u001b[32m\"workbench-topbar\"\u001b[39m\n      \u001b[36m>\u001b[39m\n        \u001b[36m<a\u001b[39m\n          \u001b[33mclass\u001b[39m=\u001b[32m\"workbench-brand\"\u001b[39m\n          \u001b[33mhref\u001b[39m=\u001b[32m\"/projects\"\u001b[39m\n        \u001b[36m>\u001b[39m\n          \u001b[36m<span\u001b[39m\n            \u001b[33maria-hidden\u001b[39m=\u001b[32m\"true\"\u001b[39m\n            \u001b[33mclass\u001b[39m=\u001b[32m\"workbench-logo-mark\"\u001b[39m\n          \u001b[36m>\u001b[39m\n            \u001b[36m<svg\u001b[39m\n              \u001b[33mclass\u001b[39m=\u001b[32m\"lucide lucide-play\"\u001b[39m\n              \u001b[33mfill\u001b[39m=\u001b[32m\"currentColor\"\u001b[39m\n              \u001b[33mheight\u001b[39m=\u001b[32m\"15\"\u001b[39m\n              \u001b[33mstroke\u001b[39m=\u001b[32m\"currentColor\"\u001b[39m\n              \u001b[33mstroke-linecap\u001b[39m=\u001b[32m\"round\"\u001b[39m\n              \u001b[33mstroke-linejoin\u001b[39m=\u001b[32m\"round\"\u001b[39m\n              \u001b[33mstroke-width\u001b[39m=\u001b[32m\"2.5\"\u001b[39m\n              \u001b[33mviewBox\u001b[39m=\u001b[32m\"0 0 24 24\"\u001b[39m\n              \u001b[33mwidth\u001b[39m=\u001b[32m\"15\"\u001b[39m\n              \u001b[33mxmlns\u001b[39m=\u001b[32m\"http://www.w3.org/2000/svg\"\u001b[39m\n            \u001b[36m>\u001b[39m\n              \u001b[36m<polygon\u001b[39m\n                \u001b[33mpoints\u001b[39m=\u001b[32m\"6 3 20 12 6 21 6 3\"\u001b[39m\n              \u001b[36m/>\u001b[39m\n            \u001b[36m</svg>\u001b[39m\n          \u001b[36m</span>\u001b[39m\n          \u001b[36m<span>\u001b[39m\n            \u001b[0mOpenMontage\u001b[0m\n          \u001b[36m</span>\u001b[39m\n        \u001b[36m</a>\u001b[39m\n        \u001b[36m<span\u001b[39m\n          \u001b[33mclass\u001b[39m=\u001b[32m\"workbench-project-title\"\u001b[39m\n        \u001b[36m>\u001b[39m\n          \u001b[0mRain Alley\u001b[0m\n        \u001b[36m</span>\u001b[39m\n        \u001b[36m<div\u001b[39m\n          \u001b[33mclass\u001b[39m=\u001b[32m\"workbench-topbar-actions\"\u001b[39m\n        \u001b[36m>\u001b[39m\n          \u001b[36m<a\u001b[39m\n            \u001b[33mhref\u001b[39m=\u001b[32m\"/wallet\"\u001b[39m\n          \u001b[36m>\u001b[39m\n            \u001b[36m<svg\u001b[39m\n              \u001b[33maria-hidden\u001b[39m=\u001b[32m\"true\"\u001b[39m\n              \u001b[33mclass\u001b[39m=\u001b[32m\"lucide lucide-credit-card\"\u001b[39m\n              \u001b[33mfill\u001b[39m=\u001b[32m\"none\"\u001b[39m\n              \u001b[33mheight\u001b[39m=\u001b[32m\"16\"\u001b[39m\n              \u001b[33mstroke\u001b[39m=\u001b[32m\"currentColor\"\u001b[39m\n              \u001b[33mstroke-linecap\u001b[39m=\u001b[32m\"round\"\u001b[39m\n              \u001b[33mstroke-linejoin\u001b[39m=\u001b[32m\"round\"\u001b[39m\n              \u001b[33mstroke-width\u001b[39m=\u001b[32m\"2\"\u001b[39m\n              \u001b[33mviewBox\u001b[39m=\u001b[32m\"0 0 24 24\"\u001b[39m\n              \u001b[33mwidth\u001b[39m=\u001b[32m\"16\"\u001b[39m\n              \u001b[33mxmlns\u001b[39m=\u001b[32m\"http://www.w3.org/2000/svg\"\u001b[39m\n            \u001b[36m>\u001b[39m\n              \u001b[36m<rect\u001b[39m\n                \u001b[33mheight\u001b[39m=\u001b[32m\"14\"\u001b[39m\n                \u001b[33mrx\u001b[39m=\u001b[32m\"2\"\u001b[39m\n                \u001b[33mwidth\u001b[39m=\u001b[32m\"20\"\u001b[39m\n                \u001b[33mx\u001b[39m=\u001b[32m\"2\"\u001b[39m\n                \u001b[33my\u001b[39m=\u001b[32m\"5\"\u001b[39m\n              \u001b[36m/>\u001b[39m\n              \u001b[36m<line\u001b[39m\n                \u001b[33mx1\u001b[39m=\u001b[32m\"2\"\u001b[39m\n                \u001b[33mx2\u001b[39m=\u001b[32m\"22\"\u001b[39m\n                \u001b[33my1\u001b[39m=\u001b[32m\"10\"\u001b[39m\n                \u001b[33my2\u001b[39m=\u001b[32m\"10\"\u001b[39m\n              \u001b[36m/>\u001b[39m\n            \u001b[36m</svg>\u001b[39m\n            \u001b[0m钱包 1,000\u001b[0m\n          \u001b[36m</a>\u001b[39m\n          \u001b[36m<a\u001b[39m\n            \u001b[33mhref\u001b[39m=\u001b[32m\"/orders\"\u001b[39m\n          \u001b[36m>\u001b[39m\n            \u001b[36m<svg\u001b[39m\n              \u001b[33maria-hidden\u001b[39m=\u001b[32m\"true\"\u001b[39m\n              \u001b[33mclass\u001b[39m=\u001b[32m\"lucide lucide-receipt-text\"\u001b[39m\n              \u001b[33mfill\u001b[39m=\u001b[32m\"none\"\u001b[39m\n              \u001b[33mheight\u001b[39m=\u001b[32m\"16\"\u001b[39m\n              \u001b[33mstroke\u001b[39m=\u001b[32m\"currentColor\"\u001b[39m\n              \u001b[33mstroke-linecap\u001b[39m=\u001b[32m\"round\"\u001b[39m\n              \u001b[33mstroke-linejoin\u001b[39m=\u001b[32m\"round\"\u001b[39m\n              \u001b[33mstroke-width\u001b[39m=\u001b[32m\"2\"\u001b[39m\n              \u001b[33mviewBox\u001b[39m=\u001b[32m\"0 0 24 24\"\u001b[39m\n              \u001b[33mwidth\u001b[39m=\u001b[32m\"16\"\u001b[39m\n              \u001b[33mxmlns\u001b[39m=\u001b[32m\"http://www.w3.org/2000/svg\"\u001b[39m\n            \u001b[36m>\u001b[39m\n              \u001b[36m<path\u001b[39m\n                \u001b[33md\u001b[39m=\u001b[32m\"M4 2v20l2-1 2 1 2-1 2 1 2-1 2 1 2-1 2 1V2l-2 1-2-1-2 1-2-1-2 1-2-1-2 1Z\"\u001b[39m\n              \u001b[36m/>\u001b[39m\n              \u001b[36m<path\u001b[39m\n                \u001b[33md\u001b[39m=\u001b[32m\"M14 8H8\"\u001b[39m\n              \u001b[36m/>\u001b[39m\n              \u001b[36m<path\u001b[39m\n                \u001b[33md\u001b[39m=\u001b[32m\"M16 12H8\"\u001b[39m\n              \u001b[36m/>\u001b[39m\n              \u001b[36m<path\u001b[39m\n                \u001b[33md\u001b[39m=\u001b[32m\"M13 16H8\"\u001b[39m\n              \u001b[36m/>\u001b[39m\n            \u001b[36m</svg>\u001b[39m\n            \u001b[0m订单\u001b[0m\n          \u001b[36m</a>\u001b[39m\n          \u001b[36m<span\u001b[39m\n            \u001b[33mclass\u001b[39m=\u001b[32m\"workbench-account\"\u001b[39m\n          \u001b[36m>\u001b[39m\n            \u001b[36m<svg\u001b[39m\n              \u001b[33maria-hidden\u001b[39m=\u001b[32m\"true\"\u001b[39m\n              \u001b[33mclass\u001b[39m=\u001b[32m\"lucide lucide-circle-user\"\u001b[39m\n              \u001b[33mfill\u001b[39m=\u001b[32m\"none\"\u001b[39m\n              \u001b[33mheight\u001b[39m=\u001b[32m\"16\"\u001b[39m\n              \u001b[33mstroke\u001b[39m=\u001b[32m\"currentColor\"\u001b[39m\n              \u001b[33mstroke-linecap\u001b[39m=\u001b[32m\"round\"\u001b[39m\n              \u001b[33mstroke-linejoin\u001b[39m=\u001b[32m\"round\"\u001b[39m\n              \u001b[33mstroke-width\u001b[39m=\u001b[32m\"2\"\u001b[39m\n              \u001b[33mviewBox\u001b[39m=\u001b[32m\"0 0 24 24\"\u001b[39m\n              \u001b[33mwidth\u001b[39m=\u001b[32m\"16\"\u001b[39m\n              \u001b[33mxmlns\u001b[39m=\u001b[32m\"http://www.w3.org/2000/svg\"\u001b[39m\n            \u001b[36m>\u001b[39m\n              \u001b[36m<circle\u001b[39m\n                \u001b[33mcx\u001b[39m=\u001b[32m\"12\"\u001b[39m\n                \u001b[33mcy\u001b[39m=\u001b[32m\"12\"\u001b[39m\n                \u001b[33mr\u001b[39m=\u001b[32m\"10\"\u001b[39m\n              \u001b[36m/>\u001b[39m\n              \u001b[36m<circle\u001b[39m\n                \u001b[33mcx\u001b[39m=\u001b[32m\"12\"\u001b[39m\n                \u001b[33mcy\u001b[39m=\u001b[32m\"10\"\u001b[39m\n                \u001b[33mr\u001b[39m=\u001b[32m\"3\"\u001b[39m\n              \u001b[36m/>\u001b[39m\n              \u001b[36m<path\u001b[39m\n                \u001b[33md\u001b[39m=\u001b[32m\"M7 20.662V19a2 2 0 0 1 2-2h6a2 2 0 0 1 2 2v1.662\"\u001b[39m\n              \u001b[36m/>\u001b[39m\n            \u001b[36m</svg>\u001b[39m\n            \u001b[0muser@example.com\u001b[0m\n          \u001b[36m</span>\u001b[39m\n          \u001b[36m<button\u001b[39m\n            \u001b[33mtype\u001b[39m=\u001b[32m\"button\"\u001b[39m\n          \u001b[36m>\u001b[39m\n            \u001b[36m<svg\u001b[39m\n              \u001b[33maria-hidden\u001b[39m=\u001b[32m\"true\"\u001b[39m\n              \u001b[33mclass\u001b[39m=\u001b[32m\"lucide lucide-log-out\"\u001b[39m\n              \u001b[33mfill\u001b[39m=\u001b[32m\"none\"\u001b[39m\n              \u001b[33mheight\u001b[39m=\u001b[32m\"16\"\u001b[39m\n              \u001b[33mstroke\u001b[39m=\u001b[32m\"currentColor\"\u001b[39m\n              \u001b[33mstroke-linecap\u001b[39m=\u001b[32m\"round\"\u001b[39m\n              \u001b[33mstroke-linejoin\u001b[39m=\u001b[32m\"round\"\u001b[39m\n              \u001b[33mstroke-width\u001b[39m=\u001b[32m\"2\"\u001b[39m\n              \u001b[33mviewBox\u001b[39m=\u001b[32m\"0 0 24 24\"\u001b[39m\n              \u001b[33mwidth\u001b[39m=\u001b[32m\"16\"\u001b[39m\n              \u001b[33mxmlns\u001b[39m=\u001b[32m\"http://www.w3.org/2000/svg\"\u001b[39m\n            \u001b[36m>\u001b[39m\n              \u001b[36m<path\u001b[39m\n                \u001b[33md\u001b[39m=\u001b[32m\"M9 21H5a2 2 0 0 1-2-2V5a2 2 0 0 1 2-2h4\"\u001b[39m\n              \u001b[36m/>\u001b[39m\n              \u001b[36m<polyline\u001b[39m\n                \u001b[33mpoints\u001b[39m=\u001b[32m\"16 17 21 12 16 7\"\u001b[39m\n              \u001b[36m/>\u001b[39m\n              \u001b[36m<line\u001b[39m\n                \u001b[33mx1\u001b[39m=\u001b[32m\"21\"\u001b[39m\n                \u001b[33mx2\u001b[39m=\u001b[32m\"9\"\u001b[39m\n                \u001b[33my1\u001b[39m=\u001b[32m\"12\"\u001b[39m\n                \u001b[33my2\u001b[39m=\u001b[32m\"12\"\u001b[39m\n              \u001b[36m/>\u001b[39m\n            \u001b[36m</svg>\u001b[39m\n            \u001b[0m退出\u001b[0m\n          \u001b[36m</button>\u001b[39m\n        \u001b[36m</div>\u001b[39m\n      \u001b[36m</header>\u001b[39m\n      \u001b[36m<div\u001b[39m\n        \u001b[33mclass\u001b[39m=\u001b[32m\"workbench-body\"\u001b[39m\n      \u001b[36m>\u001b[39m\n        \u001b[36m<aside\u001b[39m\n          \u001b[33maria-label\u001b[39m=\u001b[32m\"项目导航\"\u001b[39m\n          \u001b[33mclass\u001b[39m=\u001b[32m\"project-navigation\"\u001b[39m\n        \u001b[36m>\u001b[39m\n          \u001b[36m<div\u001b[39m\n            \u001b[33mclass\u001b[39m=\u001b[32m\"project-navigation-primary\"\u001b[39m\n          \u001b[36m>\u001b[39m\n            \u001b[36m<a\u001b[39m\n              \u001b[33mclass\u001b[39m=\u001b[32m\"\"\u001b[39m\n              \u001b[33mhref\u001b[39m=\u001b[32m\"/projects\"\u001b[39m\n            \u001b[36m>\u001b[39m\n              \u001b[36m<svg\u001b[39m\n                \u001b[33maria-hidden\u001b[39m=\u001b[32m\"true\"\u001b[39m\n                \u001b[33mclass\u001b[39m=\u001b[32m\"lucide lucide-folder-kanban\"\u001b[39m\n                \u001b[33mfill\u001b[39m=\u001b[32m\"none\"\u001b[39m\n                \u001b[33mheight\u001b[39m=\u001b[32m\"17\"\u001b[39m\n                \u001b[33mstroke\u001b[39m=\u001b[32m\"currentColor\"\u001b[39m\n                \u001b[33mstroke-linecap\u001b[39m=\u001b[32m\"round\"\u001b[39m\n                \u001b[33mstroke-linejoin\u001b[39m=\u001b[32m\"round\"\u001b[39m\n                \u001b[33mstroke-width\u001b[39m=\u001b[32m\"2\"\u001b[39m\n                \u001b[33mviewBox\u001b[39m=\u001b[32m\"0 0 24 24\"\u001b[39m\n                \u001b[33mwidth\u001b[39m=\u001b[32m\"17\"\u001b[39m\n                \u001b[33mxmlns\u001b[39m=\u001b[32m\"http://www.w3.org/2000/svg\"\u001b[39m\n              \u001b[36m>\u001b[39m\n                \u001b[36m<path\u001b[39m\n                  \u001b[33md\u001b[39m=\u001b[32m\"M4 20h16a2 2 0 0 0 2-2V8a2 2 0 0 0-2-2h-7.93a2 2 0 0 1-1.66-.9l-.82-1.2A2 2 0 0 0 7.93 3H4a2 2 0 0 0-2 2v13c0 1.1.9 2 2 2Z\"\u001b[39m\n                \u001b[36m/>\u001b[39m\n                \u001b[36m<path\u001b[39m\n                  \u001b[33md\u001b[39m=\u001b[32m\"M8 10v4\"\u001b[39m\n                \u001b[36m/>\u001b[39m\n                \u001b[36m<path\u001b[39m\n                  \u001b[33md\u001b[39m=\u001b[32m\"M12 10v2\"\u001b[39m\n                \u001b[36m/>\u001b[39m\n                \u001b[36m<path\u001b[39m\n                  \u001b[33md\u001b[39m=\u001b[32m\"M16 10v6\"\u001b[39m\n                \u001b[36m/>\u001b[39m\n              \u001b[36m</svg>\u001b[39m\n              \u001b[0m项目\u001b[0m\n            \u001b[36m</a>\u001b[39m\n            \u001b[36m<a\u001b[39m\n              \u001b[33mclass\u001b[39m=\u001b[32m\"\"\u001b[39m\n              \u001b[33mhref\u001b[39m=\u001b[32m\"/projects/new\"\u001b[39m\n            \u001b[36m>\u001b[39m\n              \u001b[36m<svg\u001b[39m\n                \u001b[33maria-hidden\u001b[39m=\u001b[32m\"true\"\u001b[39m\n                \u001b[33mclass\u001b[39m=\u001b[32m\"lucide lucide-square-plus\"\u001b[39m\n                \u001b[33mfill\u001b[39m=\u001b[32m\"none\"\u001b[39m\n                \u001b[33mheight\u001b[39m=\u001b[32m\"17\"\u001b[39m\n                \u001b[33mstroke\u001b[39m=\u001b[32m\"currentColor\"\u001b[39m\n                \u001b[33mstroke-linecap\u001b[39m=\u001b[32m\"round\"\u001b[39m\n                \u001b[33mstroke-linejoin\u001b[39m=\u001b[32m\"round\"\u001b[39m\n                \u001b[33mstroke-width\u001b[39m=\u001b[32m\"2\"\u001b[39m\n                \u001b[33mviewBox\u001b[39m=\u001b[32m\"0 0 24 24\"\u001b[39m\n                \u001b[33mwidth\u001b[39m=\u001b[32m\"17\"\u001b[39m\n                \u001b[33mxmlns\u001b[39m=\u001b[32m\"http://www.w3.org/2000/svg\"\u001b[39m\n              \u001b[36m>\u001b[39m\n                \u001b[36m<rect\u001b[39m\n                  \u001b[33mheight\u001b[39m=\u001b[32m\"18\"\u001b[39m\n                  \u001b[33mrx\u001b[39m=\u001b[32m\"2\"\u001b[39m\n                  \u001b[33mwidth\u001b[39m=\u001b[32m\"18\"\u001b[39m\n                  \u001b[33mx\u001b[39m=\u001b[32m\"3\"\u001b[39m\n                  \u001b[33my\u001b[39m=\u001b[32m\"3\"\u001b[39m\n                \u001b[36m/>\u001b[39m\n                \u001b[36m<path\u001b[39m\n                  \u001b[33md\u001b[39m=\u001b[32m\"M8 12h8\"\u001b[39m\n                \u001b[36m/>\u001b[39m\n                \u001b[36m<path\u001b[39m\n                  \u001b[33md\u001b[39m=\u001b[32m\"M12 8v8\"\u001b[39m\n                \u001b[36m/>\u001b[39m\n              \u001b[36m</svg>\u001b[39m\n              \u001b[0m新建项目\u001b[0m\n            \u001b[36m</a>\u001b[39m\n          \u001b[36m</div>\u001b[39m\n          \u001b[36m<div\u001b[39m\n            \u001b[33mclass\u001b[39m=\u001b[32m\"project-navigation-context\"\u001b[39m\n          \u001b[36m>\u001b[39m\n            \u001b[36m<span\u001b[39m\n              \u001b[33mclass\u001b[39m=\u001b[32m\"project-navigation-label\"\u001b[39m\n            \u001b[36m>\u001b[39m\n              \u001b[0mRain Alley\u001b[0m\n            \u001b[36m</span>\u001b[39m\n            \u001b[36m<a\u001b[39m\n              \u001b[33maria-current\u001b[39m=\u001b[32m\"page\"\u001b[39m\n              \u001b[33mclass\u001b[39m=\u001b[32m\"active\"\u001b[39m\n              \u001b[33mhref\u001b[39m=\u001b[32m\"/projects/p1/storyboard\"\u001b[39m\n            \u001b[36m>\u001b[39m\n              \u001b[36m<svg\u001b[39m\n                \u001b[33maria-hidden\u001b[39m=\u001b[32m\"true\"\u001b[39m\n                \u001b[33mclass\u001b[39m=\u001b[32m\"lucide lucide-clapperboard\"\u001b[39m\n                \u001b[33mfill\u001b[39m=\u001b[32m\"none\"\u001b[39m\n                \u001b[33mheight\u001b[39m=\u001b[32m\"17\"\u001b[39m\n                \u001b[33mstroke\u001b[39m=\u001b[32m\"currentColor\"\u001b[39m\n                \u001b[33mstroke-linecap\u001b[39m=\u001b[32m\"round\"\u001b[39m\n                \u001b[33mstroke-linejoin\u001b[39m=\u001b[32m\"round\"\u001b[39m\n                \u001b[33mstroke-width\u001b[39m=\u001b[32m\"2\"\u001b[39m\n                \u001b[33mviewBox\u001b[39m=\u001b[32m\"0 0 24 24\"\u001b[39m\n                \u001b[33mwidth\u001b[39m=\u001b[32m\"17\"\u001b[39m\n                \u001b[33mxmlns\u001b[39m=\u001b[32m\"http://www.w3.org/2000/svg\"\u001b[39m\n              \u001b[36m>\u001b[39m\n                \u001b[36m<path\u001b[39m\n                  \u001b[33md\u001b[39m=\u001b[32m\"M20.2 6 3 11l-.9-2.4c-.3-1.1.3-2.2 1.3-2.5l13.5-4c1.1-.3 2.2.3 2.5 1.3Z\"\u001b[39m\n                \u001b[36m/>\u001b[39m\n                \u001b[36m<path\u001b[39m\n                  \u001b[33md\u001b[39m=\u001b[32m\"m6.2 5.3 3.1 3.9\"\u001b[39m\n                \u001b[36m/>\u001b[39m\n                \u001b[36m<path\u001b[39m\n                  \u001b[33md\u001b[39m=\u001b[32m\"m12.4 3.4 3.1 4\"\u001b[39m\n                \u001b[36m/>\u001b[39m\n                \u001b[36m<path\u001b[39m\n                  \u001b[33md\u001b[39m=\u001b[32m\"M3 11h18v8a2 2 0 0 1-2 2H5a2 2 0 0 1-2-2Z\"\u001b[39m\n                \u001b[36m/>\u001b[39m\n              \u001b[36m</svg>\u001b[39m\n              \u001b[0m分镜编辑\u001b[0m\n            \u001b[36m</a>\u001b[39m\n            \u001b[36m<a\u001b[39m\n              \u001b[33mclass\u001b[39m=\u001b[32m\"\"\u001b[39m\n              \u001b[33mhref\u001b[39m=\u001b[32m\"/projects/p1/settings\"\u001b[39m\n            \u001b[36m>\u001b[39m\n              \u001b[36m<svg\u001b[39m\n                \u001b[33maria-hidden\u001b[39m=\u001b[32m\"true\"\u001b[39m\n                \u001b[33mclass\u001b[39m=\u001b[32m\"lucide lucide-sliders-horizontal\"\u001b[39m\n                \u001b[33mfill\u001b[39m=\u001b[32m\"none\"\u001b[39m\n                \u001b[33mheight\u001b[39m=\u001b[32m\"17\"\u001b[39m\n                \u001b[33mstroke\u001b[39m=\u001b[32m\"currentColor\"\u001b[39m\n                \u001b[33mstroke-linecap\u001b[39m=\u001b[32m\"round\"\u001b[39m\n                \u001b[33mstroke-linejoin\u001b[39m=\u001b[32m\"round\"\u001b[39m\n                \u001b[33mstroke-width\u001b[39m=\u001b[32m\"2\"\u001b[39m\n                \u001b[33mviewBox\u001b[39m=\u001b[32m\"0 0 24 24\"\u001b[39m\n                \u001b[33mwidth\u001b[39m=\u001b[32m\"17\"\u001b[39m\n                \u001b[33mxmlns\u001b[39m=\u001b[32m\"http://www.w3.org/2000/svg\"\u001b[39m\n              \u001b[36m>\u001b[39m\n                \u001b[36m<line\u001b[39m\n                  \u001b[33mx1\u001b[39m=\u001b[32m\"21\"\u001b[39m\n                  \u001b[33mx2\u001b[39m=\u001b[32m\"14\"\u001b[39m\n                  \u001b[33my1\u001b[39m=\u001b[32m\"4\"\u001b[39m\n                  \u001b[33my2\u001b[39m=\u001b[32m\"4\"\u001b[39m\n                \u001b[36m/>\u001b[39m\n                \u001b[36m<line\u001b[39m\n                  \u001b[33mx1\u001b[39m=\u001b[32m\"10\"\u001b[39m\n                  \u001b[33mx2\u001b[39m=\u001b[32m\"3\"\u001b[39m\n                  \u001b[33my1\u001b[39m=\u001b[32m\"4\"\u001b[39m\n                  \u001b[33my2\u001b[39m=\u001b[32m\"4\"\u001b[39m\n                \u001b[36m/>\u001b[39m\n                \u001b[36m<line\u001b[39m\n                  \u001b[33mx1\u001b[39m=\u001b[32m\"21\"\u001b[39m\n                  \u001b[33mx2\u001b[39m=\u001b[32m\"12\"\u001b[39m\n                  \u001b[33my1\u001b[39m=\u001b[32m\"12\"\u001b[39m\n                  \u001b[33my2\u001b[39m=\u001b[32m\"12\"\u001b[39m\n                \u001b[36m/>\u001b[39m\n                \u001b[36m<line\u001b[39m\n                  \u001b[33mx1\u001b[39m=\u001b[32m\"8\"\u001b[39m\n                  \u001b[33mx2\u001b[39m=\u001b[32m\"3\"\u001b[39m\n                  \u001b[33my1\u001b[39m=\u001b[32m\"12\"\u001b[39m\n                  \u001b[33my2\u001b[39m=\u001b[32m\"12\"\u001b[39m\n                \u001b[36m/>\u001b[39m\n                \u001b[36m<line\u001b[39m\n                  \u001b[33mx1\u001b[39m=\u001b[32m\"21\"\u001b[39m\n                  \u001b[33mx2\u001b[39m=\u001b[32m\"16\"\u001b[39m\n                  \u001b[33my1\u001b[39m=\u001b[32m\"20\"\u001b[39m\n                  \u001b[33my2\u001b[39m=\u001b[32m\"20\"\u001b[39m\n                \u001b[36m/>\u001b[39m\n                \u001b[36m<line\u001b[39m\n                  \u001b[33mx1\u001b[39m=\u001b[32m\"12\"\u001b[39m\n                  \u001b[33mx2\u001b[39m=\u001b[32m\"3\"\u001b[39m\n                  \u001b[33my1\u001b[39m=\u001b[32m\"20\"\u001b[39m\n                  \u001b[33my2\u001b[39m=\u001b[32m\"20\"\u001b[39m\n                \u001b[36m/>\u001b[39m\n                \u001b[36m<line\u001b[39m\n                  \u001b[33mx1\u001b[39m=\u001b[32m\"14\"\u001b[39m\n                  \u001b[33mx2\u001b[39m=\u001b[32m\"14\"\u001b[39m\n                  \u001b[33my1\u001b[39m=\u001b[32m\"2\"\u001b[39m\n                  \u001b[33my2\u001b[39m=\u001b[32m\"6\"\u001b[39m\n                \u001b[36m/>\u001b[39m\n                \u001b[36m<line\u001b[39m\n                  \u001b[33mx1\u001b[39m=\u001b[32m\"8\"\u001b[39m\n                  \u001b[33mx2\u001b[39m=\u001b[32m\"8\"\u001b[39m\n                  \u001b[33my1\u001b[39m=\u001b[32m\"10\"\u001b[39m\n                  \u001b[33my2\u001b[39m=\u001b[32m\"14\"\u001b[39m\n                \u001b[36m/>\u001b[39m\n                \u001b[36m<line\u001b[39m\n                  \u001b[33mx1\u001b[39m=\u001b[32m\"16\"\u001b[39m\n                  \u001b[33mx2\u001b[39m=\u001b[32m\"16\"\u001b[39m\n                  \u001b[33my1\u001b[39m=\u001b[32m\"18\"\u001b[39m\n                  \u001b[33my2\u001b[39m=\u001b[32m\"22\"\u001b[39m\n                \u001b[36m/>\u001b[39m\n              \u001b[36m</svg>\u001b[39m\n              \u001b[0m全局设定\u001b[0m\n            \u001b[36m</a>\u001b[39m\n            \u001b[36m<a\u001b[39m\n              \u001b[33mclass\u001b[39m=\u001b[32m\"\"\u001b[39m\n              \u001b[33mhref\u001b[39m=\u001b[32m\"/projects/p1/resources\"\u001b[39m\n            \u001b[36m>\u001b[39m\n              \u001b[36m<svg\u001b[39m\n                \u001b[33maria-hidden\u001b[39m=\u001b[32m\"true\"\u001b[39m\n                \u001b[33mclass\u001b[39m=\u001b[32m\"lucide lucide-images\"\u001b[39m\n                \u001b[33mfill\u001b[39m=\u001b[32m\"none\"\u001b[39m\n                \u001b[33mheight\u001b[39m=\u001b[32m\"17\"\u001b[39m\n                \u001b[33mstroke\u001b[39m=\u001b[32m\"currentColor\"\u001b[39m\n                \u001b[33mstroke-linecap\u001b[39m=\u001b[32m\"round\"\u001b[39m\n                \u001b[33mstroke-linejoin\u001b[39m=\u001b[32m\"round\"\u001b[39m\n                \u001b[33mstroke-width\u001b[39m=\u001b[32m\"2\"\u001b[39m\n                \u001b[33mviewBox\u001b[39m=\u001b[32m\"0 0 24 24\"\u001b[39m\n                \u001b[33mwidth\u001b[39m=\u001b[32m\"17\"\u001b[39m\n                \u001b[33mxmlns\u001b[39m=\u001b[32m\"http://www.w3.org/2000/svg\"\u001b[39m\n              \u001b[36m>\u001b[39m\n                \u001b[36m<path\u001b[39m\n                  \u001b[33md\u001b[39m=\u001b[32m\"M18 22H4a2 2 0 0 1-2-2V6\"\u001b[39m\n                \u001b[36m/>\u001b[39m\n                \u001b[36m<path\u001b[39m\n                  \u001b[33md\u001b[39m=\u001b[32m\"m22 13-1.296-1.296a2.41 2.41 0 0 0-3.408 0L11 18\"\u001b[39m\n                \u001b[36m/>\u001b[39m\n                \u001b[36m<circle\u001b[39m\n                  \u001b[33mcx\u001b[39m=\u001b[32m\"12\"\u001b[39m\n                  \u001b[33mcy\u001b[39m=\u001b[32m\"8\"\u001b[39m\n                  \u001b[33mr\u001b[39m=\u001b[32m\"2\"\u001b[39m\n                \u001b[36m/>\u001b[39m\n                \u001b[36m<rect\u001b[39m\n                  \u001b[33mheight\u001b[39m=\u001b[32m\"16\"\u001b[39m\n                  \u001b[33mrx\u001b[39m=\u001b[32m\"2\"\u001b[39m\n                  \u001b[33mwidth\u001b[39m=\u001b[32m\"16\"\u001b[39m\n                  \u001b[33mx\u001b[39m=\u001b[32m\"6\"\u001b[39m\n                  \u001b[33my\u001b[39m=\u001b[32m\"2\"\u001b[39m\n                \u001b[36m/>\u001b[39m\n              \u001b[36m</svg>\u001b[39m\n              \u001b[0m资源库\u001b[0m\n            \u001b[36m</a>\u001b[39m\n            \u001b[36m<a\u001b[39m\n              \u001b[33mclass\u001b[39m=\u001b[32m\"\"\u001b[39m\n              \u001b[33mhref\u001b[39m=\u001b[32m\"/projects/p1/production\"\u001b[39m\n            \u001b[36m>\u001b[39m\n              \u001b[36m<svg\u001b[39m\n                \u001b[33maria-hidden\u001b[39m=\u001b[32m\"true\"\u001b[39m\n                \u001b[33mclass\u001b[39m=\u001b[32m\"lucide lucide-film\"\u001b[39m\n                \u001b[33mfill\u001b[39m=\u001b[32m\"none\"\u001b[39m\n                \u001b[33mheight\u001b[39m=\u001b[32m\"17\"\u001b[39m\n                \u001b[33mstroke\u001b[39m=\u001b[32m\"currentColor\"\u001b[39m\n                \u001b[33mstroke-linecap\u001b[39m=\u001b[32m\"round\"\u001b[39m\n                \u001b[33mstroke-linejoin\u001b[39m=\u001b[32m\"round\"\u001b[39m\n                \u001b[33mstroke-width\u001b[39m=\u001b[32m\"2\"\u001b[39m\n                \u001b[33mviewBox\u001b[39m=\u001b[32m\"0 0 24 24\"\u001b[39m\n                \u001b[33mwidth\u001b[39m=\u001b[32m\"17\"\u001b[39m\n                \u001b[33mxmlns\u001b[39m=\u001b[32m\"http://www.w3.org/2000/svg\"\u001b[39m\n              \u001b[36m>\u001b[39m\n                \u001b[36m<rect\u001b[39m\n                  \u001b[33mheight\u001b[39m=\u001b[32m\"18\"\u001b[39m\n                  \u001b[33mrx\u001b[39m=\u001b[32m\"2\"\u001b[39m\n                  \u001b[33mwidth\u001b[39m=\u001b[32m\"18\"\u001b[39m\n                  \u001b[33mx\u001b[39m=\u001b[32m\"3\"\u001b[39m\n                  \u001b[33my\u001b[39m=\u001b[32m\"3\"\u001b[39m\n                \u001b[36m/>\u001b[39m\n                \u001b[36m<path\u001b[39m\n                  \u001b[33md\u001b[39m=\u001b[32m\"M7 3v18\"\u001b[39m\n                \u001b[36m/>\u001b[39m\n                \u001b[36m<path\u001b[39m\n                  \u001b[33md\u001b[39m=\u001b[32m\"M3 7.5h4\"\u001b[39m\n                \u001b[36m/>\u001b[39m\n                \u001b[36m<path\u001b[39m\n                  \u001b[33md\u001b[39m=\u001b[32m\"M3 12h18\"\u001b[39m\n                \u001b[36m/>\u001b[39m\n                \u001b[36m<path\u001b[39m\n                  \u001b[33md\u001b[39m=\u001b[32m\"M3 16.5h4\"\u001b[39m\n                \u001b[36m/>\u001b[39m\n                \u001b[36m<path\u001b[39m\n                  \u001b[33md\u001b[39m=\u001b[32m\"M17 3v18\"\u001b[39m\n                \u001b[36m/>\u001b[39m\n                \u001b[36m<path\u001b[39m\n                  \u001b[33md\u001b[39m=\u001b[32m\"M17 7.5h4\"\u001b[39m\n                \u001b[36m/>\u001b[39m\n                \u001b[36m<path\u001b[39m\n                  \u001b[33md\u001b[39m=\u001b[32m\"M17 16.5h4\"\u001b[39m\n                \u001b[36m/>\u001b[39m\n              \u001b[36m</svg>\u001b[39m\n              \u001b[0m制作与成片\u001b[0m\n            \u001b[36m</a>\u001b[39m\n          \u001b[36m</div>\u001b[39m\n        \u001b[36m</aside>\u001b[39m\n        \u001b[36m<main\u001b[39m\n          \u001b[33mclass\u001b[39m=\u001b[32m\"workbench-content\"\u001b[39m\n        \u001b[36m>\u001b[39m\n          \u001b[36m<nav\u001b[39m\n            \u001b[33maria-label\u001b[39m=\u001b[32m\"面包屑\"\u001b[39m\n            \u001b[33mclass\u001b[39m=\u001b[32m\"workbench-breadcrumb\"\u001b[39m\n          \u001b[36m>\u001b[39m\n            \u001b[36m<a\u001b[39m\n              \u001b[33mhref\u001b[39m=\u001b[32m\"/projects\"\u001b[39m\n            \u001b[36m>\u001b[39m\n              \u001b[0m项目列表\u001b[0m\n            \u001b[36m</a>\u001b[39m\n            \u001b[36m<span>\u001b[39m\n              \u001b[0mRain Alley\u001b[0m\n            \u001b[36m</span>\u001b[39m\n            \u001b[36m<span>\u001b[39m\n              \u001b[0m分镜编辑\u001b[0m\n            \u001b[36m</span>\u001b[39m\n          \u001b[36m</nav>\u001b[39m\n          \u001b[36m<section\u001b[39m\n            \u001b[33mclass\u001b[39m=\u001b[32m\"domain-error-boundary\"\u001b[39m\n            \u001b[33mrole\u001b[39m=\u001b[32m\"alert\"\u001b[39m\n          \u001b[36m>\u001b[39m\n            \u001b[36m<h2>\u001b[39m\n              \u001b[0m当前区域遇到错误\u001b[0m\n            \u001b[36m</h2>\u001b[39m\n            \u001b[36m<p>\u001b[39m\n              \u001b[0m此区域暂时无法显示，其他页面仍可使用。\u001b[0m\n            \u001b[36m</p>\u001b[39m\n            \u001b[36m<button\u001b[39m\n              \u001b[33mtype\u001b[39m=\u001b[32m\"button\"\u001b[39m\n            \u001b[36m>\u001b[39m\n              \u001b[0m重试\u001b[0m\n            \u001b[36m</button>\u001b[39m\n          \u001b[36m</section>\u001b[39m\n        \u001b[36m</main>\u001b[39m\n      \u001b[36m</div>\u001b[39m\n    \u001b[36m</div>\u001b[39m\n  \u001b[36m</div>\u001b[39m\n\u001b[36m</body>\u001b[39m\n    at waitForWrapper (C:\\Users\\zhuba\\Desktop\\OpenMontage\\videro\\web\\node_modules\\@testing-library\\dom\\dist\\wait-for.js:163:27)\n    at C:\\Users\\zhuba\\Desktop\\OpenMontage\\videro\\web\\node_modules\\@testing-library\\dom\\dist\\query-helpers.js:86:33\n    at expectRouteLabel (C:\\Users\\zhuba\\Desktop\\OpenMontage\\videro\\web\\src\\app\\AppComposition.test.tsx:232:26)\n    at C:\\Users\\zhuba\\Desktop\\OpenMontage\\videro\\web\\src\\app\\AppComposition.test.tsx:306:11\n    at file:///C:/Users/zhuba/Desktop/OpenMontage/videro/web/node_modules/@vitest/runner/dist/index.js:633:57\n    at file:///C:/Users/zhuba/Desktop/OpenMontage/videro/web/node_modules/@vitest/runner/dist/index.js:146:14\n    at file:///C:/Users/zhuba/Desktop/OpenMontage/videro/web/node_modules/@vitest/runner/dist/index.js:533:11\n    at runWithTimeout (file:///C:/Users/zhuba/Desktop/OpenMontage/videro/web/node_modules/@vitest/runner/dist/index.js:39:7)\n    at runTest (file:///C:/Users/zhuba/Desktop/OpenMontage/videro/web/node_modules/@vitest/runner/dist/index.js:1056:17)\n    at runSuite (file:///C:/Users/zhuba/Desktop/OpenMontage/videro/web/node_modules/@vitest/runner/dist/index.js:1205:15)"],"meta":{}},{"ancestorTitles":["App composition contracts"],"fullName":"App composition contracts renders the route matrix entry '/projects/p1/settings'","status":"failed","title":"renders the route matrix entry '/projects/p1/settings'","duration":1021.6292999999996,"failureMessages":["Error: Unable to find role=\"heading\" and name \"全局设定\"\n\nIgnored nodes: comments, script, style\n\u001b[36m<body>\u001b[39m\n  \u001b[36m<div>\u001b[39m\n    \u001b[36m<div\u001b[39m\n      \u001b[33mclass\u001b[39m=\u001b[32m\"workbench-shell\"\u001b[39m\n    \u001b[36m>\u001b[39m\n      \u001b[36m<header\u001b[39m\n        \u001b[33mclass\u001b[39m=\u001b[32m\"workbench-topbar\"\u001b[39m\n      \u001b[36m>\u001b[39m\n        \u001b[36m<a\u001b[39m\n          \u001b[33mclass\u001b[39m=\u001b[32m\"workbench-brand\"\u001b[39m\n          \u001b[33mhref\u001b[39m=\u001b[32m\"/projects\"\u001b[39m\n        \u001b[36m>\u001b[39m\n          \u001b[36m<span\u001b[39m\n            \u001b[33maria-hidden\u001b[39m=\u001b[32m\"true\"\u001b[39m\n            \u001b[33mclass\u001b[39m=\u001b[32m\"workbench-logo-mark\"\u001b[39m\n          \u001b[36m>\u001b[39m\n            \u001b[36m<svg\u001b[39m\n              \u001b[33mclass\u001b[39m=\u001b[32m\"lucide lucide-play\"\u001b[39m\n              \u001b[33mfill\u001b[39m=\u001b[32m\"currentColor\"\u001b[39m\n              \u001b[33mheight\u001b[39m=\u001b[32m\"15\"\u001b[39m\n              \u001b[33mstroke\u001b[39m=\u001b[32m\"currentColor\"\u001b[39m\n              \u001b[33mstroke-linecap\u001b[39m=\u001b[32m\"round\"\u001b[39m\n              \u001b[33mstroke-linejoin\u001b[39m=\u001b[32m\"round\"\u001b[39m\n              \u001b[33mstroke-width\u001b[39m=\u001b[32m\"2.5\"\u001b[39m\n              \u001b[33mviewBox\u001b[39m=\u001b[32m\"0 0 24 24\"\u001b[39m\n              \u001b[33mwidth\u001b[39m=\u001b[32m\"15\"\u001b[39m\n              \u001b[33mxmlns\u001b[39m=\u001b[32m\"http://www.w3.org/2000/svg\"\u001b[39m\n            \u001b[36m>\u001b[39m\n              \u001b[36m<polygon\u001b[39m\n                \u001b[33mpoints\u001b[39m=\u001b[32m\"6 3 20 12 6 21 6 3\"\u001b[39m\n              \u001b[36m/>\u001b[39m\n            \u001b[36m</svg>\u001b[39m\n          \u001b[36m</span>\u001b[39m\n          \u001b[36m<span>\u001b[39m\n            \u001b[0mOpenMontage\u001b[0m\n          \u001b[36m</span>\u001b[39m\n        \u001b[36m</a>\u001b[39m\n        \u001b[36m<span\u001b[39m\n          \u001b[33mclass\u001b[39m=\u001b[32m\"workbench-project-title\"\u001b[39m\n        \u001b[36m>\u001b[39m\n          \u001b[0mRain Alley\u001b[0m\n        \u001b[36m</span>\u001b[39m\n        \u001b[36m<div\u001b[39m\n          \u001b[33mclass\u001b[39m=\u001b[32m\"workbench-topbar-actions\"\u001b[39m\n        \u001b[36m>\u001b[39m\n          \u001b[36m<a\u001b[39m\n            \u001b[33mhref\u001b[39m=\u001b[32m\"/wallet\"\u001b[39m\n          \u001b[36m>\u001b[39m\n            \u001b[36m<svg\u001b[39m\n              \u001b[33maria-hidden\u001b[39m=\u001b[32m\"true\"\u001b[39m\n              \u001b[33mclass\u001b[39m=\u001b[32m\"lucide lucide-credit-card\"\u001b[39m\n              \u001b[33mfill\u001b[39m=\u001b[32m\"none\"\u001b[39m\n              \u001b[33mheight\u001b[39m=\u001b[32m\"16\"\u001b[39m\n              \u001b[33mstroke\u001b[39m=\u001b[32m\"currentColor\"\u001b[39m\n              \u001b[33mstroke-linecap\u001b[39m=\u001b[32m\"round\"\u001b[39m\n              \u001b[33mstroke-linejoin\u001b[39m=\u001b[32m\"round\"\u001b[39m\n              \u001b[33mstroke-width\u001b[39m=\u001b[32m\"2\"\u001b[39m\n              \u001b[33mviewBox\u001b[39m=\u001b[32m\"0 0 24 24\"\u001b[39m\n              \u001b[33mwidth\u001b[39m=\u001b[32m\"16\"\u001b[39m\n              \u001b[33mxmlns\u001b[39m=\u001b[32m\"http://www.w3.org/2000/svg\"\u001b[39m\n            \u001b[36m>\u001b[39m\n              \u001b[36m<rect\u001b[39m\n                \u001b[33mheight\u001b[39m=\u001b[32m\"14\"\u001b[39m\n                \u001b[33mrx\u001b[39m=\u001b[32m\"2\"\u001b[39m\n                \u001b[33mwidth\u001b[39m=\u001b[32m\"20\"\u001b[39m\n                \u001b[33mx\u001b[39m=\u001b[32m\"2\"\u001b[39m\n                \u001b[33my\u001b[39m=\u001b[32m\"5\"\u001b[39m\n              \u001b[36m/>\u001b[39m\n              \u001b[36m<line\u001b[39m\n                \u001b[33mx1\u001b[39m=\u001b[32m\"2\"\u001b[39m\n                \u001b[33mx2\u001b[39m=\u001b[32m\"22\"\u001b[39m\n                \u001b[33my1\u001b[39m=\u001b[32m\"10\"\u001b[39m\n                \u001b[33my2\u001b[39m=\u001b[32m\"10\"\u001b[39m\n              \u001b[36m/>\u001b[39m\n            \u001b[36m</svg>\u001b[39m\n            \u001b[0m钱包 1,000\u001b[0m\n          \u001b[36m</a>\u001b[39m\n          \u001b[36m<a\u001b[39m\n            \u001b[33mhref\u001b[39m=\u001b[32m\"/orders\"\u001b[39m\n          \u001b[36m>\u001b[39m\n            \u001b[36m<svg\u001b[39m\n              \u001b[33maria-hidden\u001b[39m=\u001b[32m\"true\"\u001b[39m\n              \u001b[33mclass\u001b[39m=\u001b[32m\"lucide lucide-receipt-text\"\u001b[39m\n              \u001b[33mfill\u001b[39m=\u001b[32m\"none\"\u001b[39m\n              \u001b[33mheight\u001b[39m=\u001b[32m\"16\"\u001b[39m\n              \u001b[33mstroke\u001b[39m=\u001b[32m\"currentColor\"\u001b[39m\n              \u001b[33mstroke-linecap\u001b[39m=\u001b[32m\"round\"\u001b[39m\n              \u001b[33mstroke-linejoin\u001b[39m=\u001b[32m\"round\"\u001b[39m\n              \u001b[33mstroke-width\u001b[39m=\u001b[32m\"2\"\u001b[39m\n              \u001b[33mviewBox\u001b[39m=\u001b[32m\"0 0 24 24\"\u001b[39m\n              \u001b[33mwidth\u001b[39m=\u001b[32m\"16\"\u001b[39m\n              \u001b[33mxmlns\u001b[39m=\u001b[32m\"http://www.w3.org/2000/svg\"\u001b[39m\n            \u001b[36m>\u001b[39m\n              \u001b[36m<path\u001b[39m\n                \u001b[33md\u001b[39m=\u001b[32m\"M4 2v20l2-1 2 1 2-1 2 1 2-1 2 1 2-1 2 1V2l-2 1-2-1-2 1-2-1-2 1-2-1-2 1Z\"\u001b[39m\n              \u001b[36m/>\u001b[39m\n              \u001b[36m<path\u001b[39m\n                \u001b[33md\u001b[39m=\u001b[32m\"M14 8H8\"\u001b[39m\n              \u001b[36m/>\u001b[39m\n              \u001b[36m<path\u001b[39m\n                \u001b[33md\u001b[39m=\u001b[32m\"M16 12H8\"\u001b[39m\n              \u001b[36m/>\u001b[39m\n              \u001b[36m<path\u001b[39m\n                \u001b[33md\u001b[39m=\u001b[32m\"M13 16H8\"\u001b[39m\n              \u001b[36m/>\u001b[39m\n            \u001b[36m</svg>\u001b[39m\n            \u001b[0m订单\u001b[0m\n          \u001b[36m</a>\u001b[39m\n          \u001b[36m<span\u001b[39m\n            \u001b[33mclass\u001b[39m=\u001b[32m\"workbench-account\"\u001b[39m\n          \u001b[36m>\u001b[39m\n            \u001b[36m<svg\u001b[39m\n              \u001b[33maria-hidden\u001b[39m=\u001b[32m\"true\"\u001b[39m\n              \u001b[33mclass\u001b[39m=\u001b[32m\"lucide lucide-circle-user\"\u001b[39m\n              \u001b[33mfill\u001b[39m=\u001b[32m\"none\"\u001b[39m\n              \u001b[33mheight\u001b[39m=\u001b[32m\"16\"\u001b[39m\n              \u001b[33mstroke\u001b[39m=\u001b[32m\"currentColor\"\u001b[39m\n              \u001b[33mstroke-linecap\u001b[39m=\u001b[32m\"round\"\u001b[39m\n              \u001b[33mstroke-linejoin\u001b[39m=\u001b[32m\"round\"\u001b[39m\n              \u001b[33mstroke-width\u001b[39m=\u001b[32m\"2\"\u001b[39m\n              \u001b[33mviewBox\u001b[39m=\u001b[32m\"0 0 24 24\"\u001b[39m\n              \u001b[33mwidth\u001b[39m=\u001b[32m\"16\"\u001b[39m\n              \u001b[33mxmlns\u001b[39m=\u001b[32m\"http://www.w3.org/2000/svg\"\u001b[39m\n            \u001b[36m>\u001b[39m\n              \u001b[36m<circle\u001b[39m\n                \u001b[33mcx\u001b[39m=\u001b[32m\"12\"\u001b[39m\n                \u001b[33mcy\u001b[39m=\u001b[32m\"12\"\u001b[39m\n                \u001b[33mr\u001b[39m=\u001b[32m\"10\"\u001b[39m\n              \u001b[36m/>\u001b[39m\n              \u001b[36m<circle\u001b[39m\n                \u001b[33mcx\u001b[39m=\u001b[32m\"12\"\u001b[39m\n                \u001b[33mcy\u001b[39m=\u001b[32m\"10\"\u001b[39m\n                \u001b[33mr\u001b[39m=\u001b[32m\"3\"\u001b[39m\n              \u001b[36m/>\u001b[39m\n              \u001b[36m<path\u001b[39m\n                \u001b[33md\u001b[39m=\u001b[32m\"M7 20.662V19a2 2 0 0 1 2-2h6a2 2 0 0 1 2 2v1.662\"\u001b[39m\n              \u001b[36m/>\u001b[39m\n            \u001b[36m</svg>\u001b[39m\n            \u001b[0muser@example.com\u001b[0m\n          \u001b[36m</span>\u001b[39m\n          \u001b[36m<button\u001b[39m\n            \u001b[33mtype\u001b[39m=\u001b[32m\"button\"\u001b[39m\n          \u001b[36m>\u001b[39m\n            \u001b[36m<svg\u001b[39m\n              \u001b[33maria-hidden\u001b[39m=\u001b[32m\"true\"\u001b[39m\n              \u001b[33mclass\u001b[39m=\u001b[32m\"lucide lucide-log-out\"\u001b[39m\n              \u001b[33mfill\u001b[39m=\u001b[32m\"none\"\u001b[39m\n              \u001b[33mheight\u001b[39m=\u001b[32m\"16\"\u001b[39m\n              \u001b[33mstroke\u001b[39m=\u001b[32m\"currentColor\"\u001b[39m\n              \u001b[33mstroke-linecap\u001b[39m=\u001b[32m\"round\"\u001b[39m\n              \u001b[33mstroke-linejoin\u001b[39m=\u001b[32m\"round\"\u001b[39m\n              \u001b[33mstroke-width\u001b[39m=\u001b[32m\"2\"\u001b[39m\n              \u001b[33mviewBox\u001b[39m=\u001b[32m\"0 0 24 24\"\u001b[39m\n              \u001b[33mwidth\u001b[39m=\u001b[32m\"16\"\u001b[39m\n              \u001b[33mxmlns\u001b[39m=\u001b[32m\"http://www.w3.org/2000/svg\"\u001b[39m\n            \u001b[36m>\u001b[39m\n              \u001b[36m<path\u001b[39m\n                \u001b[33md\u001b[39m=\u001b[32m\"M9 21H5a2 2 0 0 1-2-2V5a2 2 0 0 1 2-2h4\"\u001b[39m\n              \u001b[36m/>\u001b[39m\n              \u001b[36m<polyline\u001b[39m\n                \u001b[33mpoints\u001b[39m=\u001b[32m\"16 17 21 12 16 7\"\u001b[39m\n              \u001b[36m/>\u001b[39m\n              \u001b[36m<line\u001b[39m\n                \u001b[33mx1\u001b[39m=\u001b[32m\"21\"\u001b[39m\n                \u001b[33mx2\u001b[39m=\u001b[32m\"9\"\u001b[39m\n                \u001b[33my1\u001b[39m=\u001b[32m\"12\"\u001b[39m\n                \u001b[33my2\u001b[39m=\u001b[32m\"12\"\u001b[39m\n              \u001b[36m/>\u001b[39m\n            \u001b[36m</svg>\u001b[39m\n            \u001b[0m退出\u001b[0m\n          \u001b[36m</button>\u001b[39m\n        \u001b[36m</div>\u001b[39m\n      \u001b[36m</header>\u001b[39m\n      \u001b[36m<div\u001b[39m\n        \u001b[33mclass\u001b[39m=\u001b[32m\"workbench-body\"\u001b[39m\n      \u001b[36m>\u001b[39m\n        \u001b[36m<aside\u001b[39m\n          \u001b[33maria-label\u001b[39m=\u001b[32m\"项目导航\"\u001b[39m\n          \u001b[33mclass\u001b[39m=\u001b[32m\"project-navigation\"\u001b[39m\n        \u001b[36m>\u001b[39m\n          \u001b[36m<div\u001b[39m\n            \u001b[33mclass\u001b[39m=\u001b[32m\"project-navigation-primary\"\u001b[39m\n          \u001b[36m>\u001b[39m\n            \u001b[36m<a\u001b[39m\n              \u001b[33mclass\u001b[39m=\u001b[32m\"\"\u001b[39m\n              \u001b[33mhref\u001b[39m=\u001b[32m\"/projects\"\u001b[39m\n            \u001b[36m>\u001b[39m\n              \u001b[36m<svg\u001b[39m\n                \u001b[33maria-hidden\u001b[39m=\u001b[32m\"true\"\u001b[39m\n                \u001b[33mclass\u001b[39m=\u001b[32m\"lucide lucide-folder-kanban\"\u001b[39m\n                \u001b[33mfill\u001b[39m=\u001b[32m\"none\"\u001b[39m\n                \u001b[33mheight\u001b[39m=\u001b[32m\"17\"\u001b[39m\n                \u001b[33mstroke\u001b[39m=\u001b[32m\"currentColor\"\u001b[39m\n                \u001b[33mstroke-linecap\u001b[39m=\u001b[32m\"round\"\u001b[39m\n                \u001b[33mstroke-linejoin\u001b[39m=\u001b[32m\"round\"\u001b[39m\n                \u001b[33mstroke-width\u001b[39m=\u001b[32m\"2\"\u001b[39m\n                \u001b[33mviewBox\u001b[39m=\u001b[32m\"0 0 24 24\"\u001b[39m\n                \u001b[33mwidth\u001b[39m=\u001b[32m\"17\"\u001b[39m\n                \u001b[33mxmlns\u001b[39m=\u001b[32m\"http://www.w3.org/2000/svg\"\u001b[39m\n              \u001b[36m>\u001b[39m\n                \u001b[36m<path\u001b[39m\n                  \u001b[33md\u001b[39m=\u001b[32m\"M4 20h16a2 2 0 0 0 2-2V8a2 2 0 0 0-2-2h-7.93a2 2 0 0 1-1.66-.9l-.82-1.2A2 2 0 0 0 7.93 3H4a2 2 0 0 0-2 2v13c0 1.1.9 2 2 2Z\"\u001b[39m\n                \u001b[36m/>\u001b[39m\n                \u001b[36m<path\u001b[39m\n                  \u001b[33md\u001b[39m=\u001b[32m\"M8 10v4\"\u001b[39m\n                \u001b[36m/>\u001b[39m\n                \u001b[36m<path\u001b[39m\n                  \u001b[33md\u001b[39m=\u001b[32m\"M12 10v2\"\u001b[39m\n                \u001b[36m/>\u001b[39m\n                \u001b[36m<path\u001b[39m\n                  \u001b[33md\u001b[39m=\u001b[32m\"M16 10v6\"\u001b[39m\n                \u001b[36m/>\u001b[39m\n              \u001b[36m</svg>\u001b[39m\n              \u001b[0m项目\u001b[0m\n            \u001b[36m</a>\u001b[39m\n            \u001b[36m<a\u001b[39m\n              \u001b[33mclass\u001b[39m=\u001b[32m\"\"\u001b[39m\n              \u001b[33mhref\u001b[39m=\u001b[32m\"/projects/new\"\u001b[39m\n            \u001b[36m>\u001b[39m\n              \u001b[36m<svg\u001b[39m\n                \u001b[33maria-hidden\u001b[39m=\u001b[32m\"true\"\u001b[39m\n                \u001b[33mclass\u001b[39m=\u001b[32m\"lucide lucide-square-plus\"\u001b[39m\n                \u001b[33mfill\u001b[39m=\u001b[32m\"none\"\u001b[39m\n                \u001b[33mheight\u001b[39m=\u001b[32m\"17\"\u001b[39m\n                \u001b[33mstroke\u001b[39m=\u001b[32m\"currentColor\"\u001b[39m\n                \u001b[33mstroke-linecap\u001b[39m=\u001b[32m\"round\"\u001b[39m\n                \u001b[33mstroke-linejoin\u001b[39m=\u001b[32m\"round\"\u001b[39m\n                \u001b[33mstroke-width\u001b[39m=\u001b[32m\"2\"\u001b[39m\n                \u001b[33mviewBox\u001b[39m=\u001b[32m\"0 0 24 24\"\u001b[39m\n                \u001b[33mwidth\u001b[39m=\u001b[32m\"17\"\u001b[39m\n                \u001b[33mxmlns\u001b[39m=\u001b[32m\"http://www.w3.org/2000/svg\"\u001b[39m\n              \u001b[36m>\u001b[39m\n                \u001b[36m<rect\u001b[39m\n                  \u001b[33mheight\u001b[39m=\u001b[32m\"18\"\u001b[39m\n                  \u001b[33mrx\u001b[39m=\u001b[32m\"2\"\u001b[39m\n                  \u001b[33mwidth\u001b[39m=\u001b[32m\"18\"\u001b[39m\n                  \u001b[33mx\u001b[39m=\u001b[32m\"3\"\u001b[39m\n                  \u001b[33my\u001b[39m=\u001b[32m\"3\"\u001b[39m\n                \u001b[36m/>\u001b[39m\n                \u001b[36m<path\u001b[39m\n                  \u001b[33md\u001b[39m=\u001b[32m\"M8 12h8\"\u001b[39m\n                \u001b[36m/>\u001b[39m\n                \u001b[36m<path\u001b[39m\n                  \u001b[33md\u001b[39m=\u001b[32m\"M12 8v8\"\u001b[39m\n                \u001b[36m/>\u001b[39m\n              \u001b[36m</svg>\u001b[39m\n              \u001b[0m新建项目\u001b[0m\n            \u001b[36m</a>\u001b[39m\n          \u001b[36m</div>\u001b[39m\n          \u001b[36m<div\u001b[39m\n            \u001b[33mclass\u001b[39m=\u001b[32m\"project-navigation-context\"\u001b[39m\n          \u001b[36m>\u001b[39m\n            \u001b[36m<span\u001b[39m\n              \u001b[33mclass\u001b[39m=\u001b[32m\"project-navigation-label\"\u001b[39m\n            \u001b[36m>\u001b[39m\n              \u001b[0mRain Alley\u001b[0m\n            \u001b[36m</span>\u001b[39m\n            \u001b[36m<a\u001b[39m\n              \u001b[33mclass\u001b[39m=\u001b[32m\"\"\u001b[39m\n              \u001b[33mhref\u001b[39m=\u001b[32m\"/projects/p1/storyboard\"\u001b[39m\n            \u001b[36m>\u001b[39m\n              \u001b[36m<svg\u001b[39m\n                \u001b[33maria-hidden\u001b[39m=\u001b[32m\"true\"\u001b[39m\n                \u001b[33mclass\u001b[39m=\u001b[32m\"lucide lucide-clapperboard\"\u001b[39m\n                \u001b[33mfill\u001b[39m=\u001b[32m\"none\"\u001b[39m\n                \u001b[33mheight\u001b[39m=\u001b[32m\"17\"\u001b[39m\n                \u001b[33mstroke\u001b[39m=\u001b[32m\"currentColor\"\u001b[39m\n                \u001b[33mstroke-linecap\u001b[39m=\u001b[32m\"round\"\u001b[39m\n                \u001b[33mstroke-linejoin\u001b[39m=\u001b[32m\"round\"\u001b[39m\n                \u001b[33mstroke-width\u001b[39m=\u001b[32m\"2\"\u001b[39m\n                \u001b[33mviewBox\u001b[39m=\u001b[32m\"0 0 24 24\"\u001b[39m\n                \u001b[33mwidth\u001b[39m=\u001b[32m\"17\"\u001b[39m\n                \u001b[33mxmlns\u001b[39m=\u001b[32m\"http://www.w3.org/2000/svg\"\u001b[39m\n              \u001b[36m>\u001b[39m\n                \u001b[36m<path\u001b[39m\n                  \u001b[33md\u001b[39m=\u001b[32m\"M20.2 6 3 11l-.9-2.4c-.3-1.1.3-2.2 1.3-2.5l13.5-4c1.1-.3 2.2.3 2.5 1.3Z\"\u001b[39m\n                \u001b[36m/>\u001b[39m\n                \u001b[36m<path\u001b[39m\n                  \u001b[33md\u001b[39m=\u001b[32m\"m6.2 5.3 3.1 3.9\"\u001b[39m\n                \u001b[36m/>\u001b[39m\n                \u001b[36m<path\u001b[39m\n                  \u001b[33md\u001b[39m=\u001b[32m\"m12.4 3.4 3.1 4\"\u001b[39m\n                \u001b[36m/>\u001b[39m\n                \u001b[36m<path\u001b[39m\n                  \u001b[33md\u001b[39m=\u001b[32m\"M3 11h18v8a2 2 0 0 1-2 2H5a2 2 0 0 1-2-2Z\"\u001b[39m\n                \u001b[36m/>\u001b[39m\n              \u001b[36m</svg>\u001b[39m\n              \u001b[0m分镜编辑\u001b[0m\n            \u001b[36m</a>\u001b[39m\n            \u001b[36m<a\u001b[39m\n              \u001b[33maria-current\u001b[39m=\u001b[32m\"page\"\u001b[39m\n              \u001b[33mclass\u001b[39m=\u001b[32m\"active\"\u001b[39m\n              \u001b[33mhref\u001b[39m=\u001b[32m\"/projects/p1/settings\"\u001b[39m\n            \u001b[36m>\u001b[39m\n              \u001b[36m<svg\u001b[39m\n                \u001b[33maria-hidden\u001b[39m=\u001b[32m\"true\"\u001b[39m\n                \u001b[33mclass\u001b[39m=\u001b[32m\"lucide lucide-sliders-horizontal\"\u001b[39m\n                \u001b[33mfill\u001b[39m=\u001b[32m\"none\"\u001b[39m\n                \u001b[33mheight\u001b[39m=\u001b[32m\"17\"\u001b[39m\n                \u001b[33mstroke\u001b[39m=\u001b[32m\"currentColor\"\u001b[39m\n                \u001b[33mstroke-linecap\u001b[39m=\u001b[32m\"round\"\u001b[39m\n                \u001b[33mstroke-linejoin\u001b[39m=\u001b[32m\"round\"\u001b[39m\n                \u001b[33mstroke-width\u001b[39m=\u001b[32m\"2\"\u001b[39m\n                \u001b[33mviewBox\u001b[39m=\u001b[32m\"0 0 24 24\"\u001b[39m\n                \u001b[33mwidth\u001b[39m=\u001b[32m\"17\"\u001b[39m\n                \u001b[33mxmlns\u001b[39m=\u001b[32m\"http://www.w3.org/2000/svg\"\u001b[39m\n              \u001b[36m>\u001b[39m\n                \u001b[36m<line\u001b[39m\n                  \u001b[33mx1\u001b[39m=\u001b[32m\"21\"\u001b[39m\n                  \u001b[33mx2\u001b[39m=\u001b[32m\"14\"\u001b[39m\n                  \u001b[33my1\u001b[39m=\u001b[32m\"4\"\u001b[39m\n                  \u001b[33my2\u001b[39m=\u001b[32m\"4\"\u001b[39m\n                \u001b[36m/>\u001b[39m\n                \u001b[36m<line\u001b[39m\n                  \u001b[33mx1\u001b[39m=\u001b[32m\"10\"\u001b[39m\n                  \u001b[33mx2\u001b[39m=\u001b[32m\"3\"\u001b[39m\n                  \u001b[33my1\u001b[39m=\u001b[32m\"4\"\u001b[39m\n                  \u001b[33my2\u001b[39m=\u001b[32m\"4\"\u001b[39m\n                \u001b[36m/>\u001b[39m\n                \u001b[36m<line\u001b[39m\n                  \u001b[33mx1\u001b[39m=\u001b[32m\"21\"\u001b[39m\n                  \u001b[33mx2\u001b[39m=\u001b[32m\"12\"\u001b[39m\n                  \u001b[33my1\u001b[39m=\u001b[32m\"12\"\u001b[39m\n                  \u001b[33my2\u001b[39m=\u001b[32m\"12\"\u001b[39m\n                \u001b[36m/>\u001b[39m\n                \u001b[36m<line\u001b[39m\n                  \u001b[33mx1\u001b[39m=\u001b[32m\"8\"\u001b[39m\n                  \u001b[33mx2\u001b[39m=\u001b[32m\"3\"\u001b[39m\n                  \u001b[33my1\u001b[39m=\u001b[32m\"12\"\u001b[39m\n                  \u001b[33my2\u001b[39m=\u001b[32m\"12\"\u001b[39m\n                \u001b[36m/>\u001b[39m\n                \u001b[36m<line\u001b[39m\n                  \u001b[33mx1\u001b[39m=\u001b[32m\"21\"\u001b[39m\n                  \u001b[33mx2\u001b[39m=\u001b[32m\"16\"\u001b[39m\n                  \u001b[33my1\u001b[39m=\u001b[32m\"20\"\u001b[39m\n                  \u001b[33my2\u001b[39m=\u001b[32m\"20\"\u001b[39m\n                \u001b[36m/>\u001b[39m\n                \u001b[36m<line\u001b[39m\n                  \u001b[33mx1\u001b[39m=\u001b[32m\"12\"\u001b[39m\n                  \u001b[33mx2\u001b[39m=\u001b[32m\"3\"\u001b[39m\n                  \u001b[33my1\u001b[39m=\u001b[32m\"20\"\u001b[39m\n                  \u001b[33my2\u001b[39m=\u001b[32m\"20\"\u001b[39m\n                \u001b[36m/>\u001b[39m\n                \u001b[36m<line\u001b[39m\n                  \u001b[33mx1\u001b[39m=\u001b[32m\"14\"\u001b[39m\n                  \u001b[33mx2\u001b[39m=\u001b[32m\"14\"\u001b[39m\n                  \u001b[33my1\u001b[39m=\u001b[32m\"2\"\u001b[39m\n                  \u001b[33my2\u001b[39m=\u001b[32m\"6\"\u001b[39m\n                \u001b[36m/>\u001b[39m\n                \u001b[36m<line\u001b[39m\n                  \u001b[33mx1\u001b[39m=\u001b[32m\"8\"\u001b[39m\n                  \u001b[33mx2\u001b[39m=\u001b[32m\"8\"\u001b[39m\n                  \u001b[33my1\u001b[39m=\u001b[32m\"10\"\u001b[39m\n                  \u001b[33my2\u001b[39m=\u001b[32m\"14\"\u001b[39m\n                \u001b[36m/>\u001b[39m\n                \u001b[36m<line\u001b[39m\n                  \u001b[33mx1\u001b[39m=\u001b[32m\"16\"\u001b[39m\n                  \u001b[33mx2\u001b[39m=\u001b[32m\"16\"\u001b[39m\n                  \u001b[33my1\u001b[39m=\u001b[32m\"18\"\u001b[39m\n                  \u001b[33my2\u001b[39m=\u001b[32m\"22\"\u001b[39m\n                \u001b[36m/>\u001b[39m\n              \u001b[36m</svg>\u001b[39m\n              \u001b[0m全局设定\u001b[0m\n            \u001b[36m</a>\u001b[39m\n            \u001b[36m<a\u001b[39m\n              \u001b[33mclass\u001b[39m=\u001b[32m\"\"\u001b[39m\n              \u001b[33mhref\u001b[39m=\u001b[32m\"/projects/p1/resources\"\u001b[39m\n            \u001b[36m>\u001b[39m\n              \u001b[36m<svg\u001b[39m\n                \u001b[33maria-hidden\u001b[39m=\u001b[32m\"true\"\u001b[39m\n                \u001b[33mclass\u001b[39m=\u001b[32m\"lucide lucide-images\"\u001b[39m\n                \u001b[33mfill\u001b[39m=\u001b[32m\"none\"\u001b[39m\n                \u001b[33mheight\u001b[39m=\u001b[32m\"17\"\u001b[39m\n                \u001b[33mstroke\u001b[39m=\u001b[32m\"currentColor\"\u001b[39m\n                \u001b[33mstroke-linecap\u001b[39m=\u001b[32m\"round\"\u001b[39m\n                \u001b[33mstroke-linejoin\u001b[39m=\u001b[32m\"round\"\u001b[39m\n                \u001b[33mstroke-width\u001b[39m=\u001b[32m\"2\"\u001b[39m\n                \u001b[33mviewBox\u001b[39m=\u001b[32m\"0 0 24 24\"\u001b[39m\n                \u001b[33mwidth\u001b[39m=\u001b[32m\"17\"\u001b[39m\n                \u001b[33mxmlns\u001b[39m=\u001b[32m\"http://www.w3.org/2000/svg\"\u001b[39m\n              \u001b[36m>\u001b[39m\n                \u001b[36m<path\u001b[39m\n                  \u001b[33md\u001b[39m=\u001b[32m\"M18 22H4a2 2 0 0 1-2-2V6\"\u001b[39m\n                \u001b[36m/>\u001b[39m\n                \u001b[36m<path\u001b[39m\n                  \u001b[33md\u001b[39m=\u001b[32m\"m22 13-1.296-1.296a2.41 2.41 0 0 0-3.408 0L11 18\"\u001b[39m\n                \u001b[36m/>\u001b[39m\n                \u001b[36m<circle\u001b[39m\n                  \u001b[33mcx\u001b[39m=\u001b[32m\"12\"\u001b[39m\n                  \u001b[33mcy\u001b[39m=\u001b[32m\"8\"\u001b[39m\n                  \u001b[33mr\u001b[39m=\u001b[32m\"2\"\u001b[39m\n                \u001b[36m/>\u001b[39m\n                \u001b[36m<rect\u001b[39m\n                  \u001b[33mheight\u001b[39m=\u001b[32m\"16\"\u001b[39m\n                  \u001b[33mrx\u001b[39m=\u001b[32m\"2\"\u001b[39m\n                  \u001b[33mwidth\u001b[39m=\u001b[32m\"16\"\u001b[39m\n                  \u001b[33mx\u001b[39m=\u001b[32m\"6\"\u001b[39m\n                  \u001b[33my\u001b[39m=\u001b[32m\"2\"\u001b[39m\n                \u001b[36m/>\u001b[39m\n              \u001b[36m</svg>\u001b[39m\n              \u001b[0m资源库\u001b[0m\n            \u001b[36m</a>\u001b[39m\n            \u001b[36m<a\u001b[39m\n              \u001b[33mclass\u001b[39m=\u001b[32m\"\"\u001b[39m\n              \u001b[33mhref\u001b[39m=\u001b[32m\"/projects/p1/production\"\u001b[39m\n            \u001b[36m>\u001b[39m\n              \u001b[36m<svg\u001b[39m\n                \u001b[33maria-hidden\u001b[39m=\u001b[32m\"true\"\u001b[39m\n                \u001b[33mclass\u001b[39m=\u001b[32m\"lucide lucide-film\"\u001b[39m\n                \u001b[33mfill\u001b[39m=\u001b[32m\"none\"\u001b[39m\n                \u001b[33mheight\u001b[39m=\u001b[32m\"17\"\u001b[39m\n                \u001b[33mstroke\u001b[39m=\u001b[32m\"currentColor\"\u001b[39m\n                \u001b[33mstroke-linecap\u001b[39m=\u001b[32m\"round\"\u001b[39m\n                \u001b[33mstroke-linejoin\u001b[39m=\u001b[32m\"round\"\u001b[39m\n                \u001b[33mstroke-width\u001b[39m=\u001b[32m\"2\"\u001b[39m\n                \u001b[33mviewBox\u001b[39m=\u001b[32m\"0 0 24 24\"\u001b[39m\n                \u001b[33mwidth\u001b[39m=\u001b[32m\"17\"\u001b[39m\n                \u001b[33mxmlns\u001b[39m=\u001b[32m\"http://www.w3.org/2000/svg\"\u001b[39m\n              \u001b[36m>\u001b[39m\n                \u001b[36m<rect\u001b[39m\n                  \u001b[33mheight\u001b[39m=\u001b[32m\"18\"\u001b[39m\n                  \u001b[33mrx\u001b[39m=\u001b[32m\"2\"\u001b[39m\n                  \u001b[33mwidth\u001b[39m=\u001b[32m\"18\"\u001b[39m\n                  \u001b[33mx\u001b[39m=\u001b[32m\"3\"\u001b[39m\n                  \u001b[33my\u001b[39m=\u001b[32m\"3\"\u001b[39m\n                \u001b[36m/>\u001b[39m\n                \u001b[36m<path\u001b[39m\n                  \u001b[33md\u001b[39m=\u001b[32m\"M7 3v18\"\u001b[39m\n                \u001b[36m/>\u001b[39m\n                \u001b[36m<path\u001b[39m\n                  \u001b[33md\u001b[39m=\u001b[32m\"M3 7.5h4\"\u001b[39m\n                \u001b[36m/>\u001b[39m\n                \u001b[36m<path\u001b[39m\n                  \u001b[33md\u001b[39m=\u001b[32m\"M3 12h18\"\u001b[39m\n                \u001b[36m/>\u001b[39m\n                \u001b[36m<path\u001b[39m\n                  \u001b[33md\u001b[39m=\u001b[32m\"M3 16.5h4\"\u001b[39m\n                \u001b[36m/>\u001b[39m\n                \u001b[36m<path\u001b[39m\n                  \u001b[33md\u001b[39m=\u001b[32m\"M17 3v18\"\u001b[39m\n                \u001b[36m/>\u001b[39m\n                \u001b[36m<path\u001b[39m\n                  \u001b[33md\u001b[39m=\u001b[32m\"M17 7.5h4\"\u001b[39m\n                \u001b[36m/>\u001b[39m\n                \u001b[36m<path\u001b[39m\n                  \u001b[33md\u001b[39m=\u001b[32m\"M17 16.5h4\"\u001b[39m\n                \u001b[36m/>\u001b[39m\n              \u001b[36m</svg>\u001b[39m\n              \u001b[0m制作与成片\u001b[0m\n            \u001b[36m</a>\u001b[39m\n          \u001b[36m</div>\u001b[39m\n        \u001b[36m</aside>\u001b[39m\n        \u001b[36m<main\u001b[39m\n          \u001b[33mclass\u001b[39m=\u001b[32m\"workbench-content\"\u001b[39m\n        \u001b[36m>\u001b[39m\n          \u001b[36m<nav\u001b[39m\n            \u001b[33maria-label\u001b[39m=\u001b[32m\"面包屑\"\u001b[39m\n            \u001b[33mclass\u001b[39m=\u001b[32m\"workbench-breadcrumb\"\u001b[39m\n          \u001b[36m>\u001b[39m\n            \u001b[36m<a\u001b[39m\n              \u001b[33mhref\u001b[39m=\u001b[32m\"/projects\"\u001b[39m\n            \u001b[36m>\u001b[39m\n              \u001b[0m项目列表\u001b[0m\n            \u001b[36m</a>\u001b[39m\n            \u001b[36m<span>\u001b[39m\n              \u001b[0mRain Alley\u001b[0m\n            \u001b[36m</span>\u001b[39m\n            \u001b[36m<span>\u001b[39m\n              \u001b[0m全局设定\u001b[0m\n            \u001b[36m</span>\u001b[39m\n          \u001b[36m</nav>\u001b[39m\n          \u001b[36m<section\u001b[39m\n            \u001b[33mclass\u001b[39m=\u001b[32m\"domain-error-boundary\"\u001b[39m\n            \u001b[33mrole\u001b[39m=\u001b[32m\"alert\"\u001b[39m\n          \u001b[36m>\u001b[39m\n            \u001b[36m<h2>\u001b[39m\n              \u001b[0m当前区域遇到错误\u001b[0m\n            \u001b[36m</h2>\u001b[39m\n            \u001b[36m<p>\u001b[39m\n              \u001b[0m此区域暂时无法显示，其他页面仍可使用。\u001b[0m\n            \u001b[36m</p>\u001b[39m\n            \u001b[36m<button\u001b[39m\n              \u001b[33mtype\u001b[39m=\u001b[32m\"button\"\u001b[39m\n            \u001b[36m>\u001b[39m\n              \u001b[0m重试\u001b[0m\n            \u001b[36m</button>\u001b[39m\n          \u001b[36m</section>\u001b[39m\n        \u001b[36m</main>\u001b[39m\n      \u001b[36m</div>\u001b[39m\n    \u001b[36m</div>\u001b[39m\n  \u001b[36m</div>\u001b[39m\n\u001b[36m</body>\u001b[39m\n    at waitForWrapper (C:\\Users\\zhuba\\Desktop\\OpenMontage\\videro\\web\\node_modules\\@testing-library\\dom\\dist\\wait-for.js:163:27)\n    at C:\\Users\\zhuba\\Desktop\\OpenMontage\\videro\\web\\node_modules\\@testing-library\\dom\\dist\\query-helpers.js:86:33\n    at expectRouteLabel (C:\\Users\\zhuba\\Desktop\\OpenMontage\\videro\\web\\src\\app\\AppComposition.test.tsx:228:25)\n    at C:\\Users\\zhuba\\Desktop\\OpenMontage\\videro\\web\\src\\app\\AppComposition.test.tsx:306:11\n    at file:///C:/Users/zhuba/Desktop/OpenMontage/videro/web/node_modules/@vitest/runner/dist/index.js:633:57\n    at file:///C:/Users/zhuba/Desktop/OpenMontage/videro/web/node_modules/@vitest/runner/dist/index.js:146:14\n    at file:///C:/Users/zhuba/Desktop/OpenMontage/videro/web/node_modules/@vitest/runner/dist/index.js:533:11\n    at runWithTimeout (file:///C:/Users/zhuba/Desktop/OpenMontage/videro/web/node_modules/@vitest/runner/dist/index.js:39:7)\n    at runTest (file:///C:/Users/zhuba/Desktop/OpenMontage/videro/web/node_modules/@vitest/runner/dist/index.js:1056:17)\n    at runSuite (file:///C:/Users/zhuba/Desktop/OpenMontage/videro/web/node_modules/@vitest/runner/dist/index.js:1205:15)"],"meta":{}},{"ancestorTitles":["App composition contracts"],"fullName":"App composition contracts renders the route matrix entry '/projects/p1/resources'","status":"passed","title":"renders the route matrix entry '/projects/p1/resources'","duration":62.92650000000049,"failureMessages":[],"meta":{}},{"ancestorTitles":["App composition contracts"],"fullName":"App composition contracts renders the route matrix entry '/projects/p1/production'","status":"passed","title":"renders the route matrix entry '/projects/p1/production'","duration":33.693599999999606,"failureMessages":[],"meta":{}},{"ancestorTitles":["App composition contracts"],"fullName":"App composition contracts renders the route matrix entry '/wallet'","status":"passed","title":"renders the route matrix entry '/wallet'","duration":28.412900000000263,"failureMessages":[],"meta":{}},{"ancestorTitles":["App composition contracts"],"fullName":"App composition contracts renders the route matrix entry '/orders'","status":"passed","title":"renders the route matrix entry '/orders'","duration":15.674799999999777,"failureMessages":[],"meta":{}},{"ancestorTitles":["App composition contracts"],"fullName":"App composition contracts does not bootstrap the workbench for public route '/login'","status":"passed","title":"does not bootstrap the workbench for public route '/login'","duration":12.501400000000103,"failureMessages":[],"meta":{}},{"ancestorTitles":["App composition contracts"],"fullName":"App composition contracts does not bootstrap the workbench for public route '/register'","status":"passed","title":"does not bootstrap the workbench for public route '/register'","duration":15.882200000000012,"failureMessages":[],"meta":{}},{"ancestorTitles":["App composition contracts"],"fullName":"App composition contracts preserves the return URL for protected deep link '/projects'","status":"passed","title":"preserves the return URL for protected deep link '/projects'","duration":14.679699999999684,"failureMessages":[],"meta":{}},{"ancestorTitles":["App composition contracts"],"fullName":"App composition contracts preserves the return URL for protected deep link '/projects/p1/storyboard'","status":"passed","title":"preserves the return URL for protected deep link '/projects/p1/storyboard'","duration":18.039600000000064,"failureMessages":[],"meta":{}},{"ancestorTitles":["App composition contracts"],"fullName":"App composition contracts preserves the return URL for protected deep link '/projects/p1/settings'","status":"passed","title":"preserves the return URL for protected deep link '/projects/p1/settings'","duration":16.450399999999718,"failureMessages":[],"meta":{}},{"ancestorTitles":["App composition contracts"],"fullName":"App composition contracts preserves the return URL for protected deep link '/projects/p1/resources'","status":"passed","title":"preserves the return URL for protected deep link '/projects/p1/resources'","duration":19.62710000000061,"failureMessages":[],"meta":{}},{"ancestorTitles":["App composition contracts"],"fullName":"App composition contracts preserves the return URL for protected deep link '/projects/p1/production'","status":"passed","title":"preserves the return URL for protected deep link '/projects/p1/production'","duration":23.238800000000083,"failureMessages":[],"meta":{}},{"ancestorTitles":["App composition contracts"],"fullName":"App composition contracts preserves the return URL for protected deep link '/wallet'","status":"passed","title":"preserves the return URL for protected deep link '/wallet'","duration":15.436799999999494,"failureMessages":[],"meta":{}},{"ancestorTitles":["App composition contracts"],"fullName":"App composition contracts preserves the return URL for protected deep link '/orders'","status":"passed","title":"preserves the return URL for protected deep link '/orders'","duration":16.448599999999715,"failureMessages":[],"meta":{}},{"ancestorTitles":["App composition contracts"],"fullName":"App composition contracts keeps account and billing routes independent from project load failures","status":"passed","title":"keeps account and billing routes independent from project load failures","duration":44.71270000000004,"failureMessages":[],"meta":{}}],"startTime":1784097003649,"endTime":1784097006181.7126,"status":"failed","message":"","name":"C:/Users/zhuba/Desktop/OpenMontage/videro/web/src/app/AppComposition.test.tsx"},{"assertionResults":[{"ancestorTitles":["App routes"],"fullName":"App routes redirects anonymous deep links from /projects to login with return state","status":"passed","title":"redirects anonymous deep links from /projects to login with return state","duration":96.79730000000018,"failureMessages":[],"meta":{}},{"ancestorTitles":["App routes"],"fullName":"App routes redirects anonymous deep links from /projects/p1/storyboard to login with return state","status":"passed","title":"redirects anonymous deep links from /projects/p1/storyboard to login with return state","duration":12.206000000000131,"failureMessages":[],"meta":{}},{"ancestorTitles":["App routes"],"fullName":"App routes redirects anonymous deep links from /projects/p1/settings to login with return state","status":"passed","title":"redirects anonymous deep links from /projects/p1/settings to login with return state","duration":13.08660000000009,"failureMessages":[],"meta":{}},{"ancestorTitles":["App routes"],"fullName":"App routes redirects anonymous deep links from /projects/p1/resources to login with return state","status":"passed","title":"redirects anonymous deep links from /projects/p1/resources to login with return state","duration":25.320600000000013,"failureMessages":[],"meta":{}},{"ancestorTitles":["App routes"],"fullName":"App routes redirects anonymous deep links from /projects/p1/production to login with return state","status":"passed","title":"redirects anonymous deep links from /projects/p1/production to login with return state","duration":14.825799999999617,"failureMessages":[],"meta":{}},{"ancestorTitles":["App routes"],"fullName":"App routes redirects anonymous deep links from /wallet to login with return state","status":"passed","title":"redirects anonymous deep links from /wallet to login with return state","duration":36.559099999999944,"failureMessages":[],"meta":{}},{"ancestorTitles":["App routes"],"fullName":"App routes redirects anonymous deep links from /orders to login with return state","status":"passed","title":"redirects anonymous deep links from /orders to login with return state","duration":17.973500000000058,"failureMessages":[],"meta":{}},{"ancestorTitles":["App routes"],"fullName":"App routes redirects anonymous deep links from /admin/billing?tab=orders#latest to login with return state","status":"passed","title":"redirects anonymous deep links from /admin/billing?tab=orders#latest to login with return state","duration":12.872299999999996,"failureMessages":[],"meta":{}},{"ancestorTitles":["App routes"],"fullName":"App routes allows authenticated users to access /wallet","status":"passed","title":"allows authenticated users to access /wallet","duration":35.19489999999996,"failureMessages":[],"meta":{}},{"ancestorTitles":["App routes"],"fullName":"App routes allows authenticated users to access /orders","status":"passed","title":"allows authenticated users to access /orders","duration":14.023599999999988,"failureMessages":[],"meta":{}},{"ancestorTitles":["App routes"],"fullName":"App routes blocks authenticated non-admin users from billing administration","status":"passed","title":"blocks authenticated non-admin users from billing administration","duration":12.640199999999822,"failureMessages":[],"meta":{}},{"ancestorTitles":["App routes"],"fullName":"App routes allows administrators to access billing administration","status":"passed","title":"allows administrators to access billing administration","duration":27.612299999999777,"failureMessages":[],"meta":{}},{"ancestorTitles":["App routes"],"fullName":"App routes restores the project named by a deep link from browser-local storage","status":"passed","title":"restores the project named by a deep link from browser-local storage","duration":32.57519999999977,"failureMessages":[],"meta":{}},{"ancestorTitles":["App routes"],"fullName":"App routes opens and uploads to the resource library before the storyboard is planned","status":"failed","title":"opens and uploads to the resource library before the storyboard is planned","duration":1022.3875999999996,"failureMessages":["Error: Unable to find role=\"button\" and name \"先创建项目并打开资源库\"\n\nIgnored nodes: comments, script, style\n\u001b[36m<body>\u001b[39m\n  \u001b[36m<div>\u001b[39m\n    \u001b[36m<div\u001b[39m\n      \u001b[33mclass\u001b[39m=\u001b[32m\"workbench-shell\"\u001b[39m\n    \u001b[36m>\u001b[39m\n      \u001b[36m<header\u001b[39m\n        \u001b[33mclass\u001b[39m=\u001b[32m\"workbench-topbar\"\u001b[39m\n      \u001b[36m>\u001b[39m\n        \u001b[36m<a\u001b[39m\n          \u001b[33mclass\u001b[39m=\u001b[32m\"workbench-brand\"\u001b[39m\n          \u001b[33mhref\u001b[39m=\u001b[32m\"/projects\"\u001b[39m\n        \u001b[36m>\u001b[39m\n          \u001b[36m<span\u001b[39m\n            \u001b[33maria-hidden\u001b[39m=\u001b[32m\"true\"\u001b[39m\n            \u001b[33mclass\u001b[39m=\u001b[32m\"workbench-logo-mark\"\u001b[39m\n          \u001b[36m>\u001b[39m\n            \u001b[36m<svg\u001b[39m\n              \u001b[33mclass\u001b[39m=\u001b[32m\"lucide lucide-play\"\u001b[39m\n              \u001b[33mfill\u001b[39m=\u001b[32m\"currentColor\"\u001b[39m\n              \u001b[33mheight\u001b[39m=\u001b[32m\"15\"\u001b[39m\n              \u001b[33mstroke\u001b[39m=\u001b[32m\"currentColor\"\u001b[39m\n              \u001b[33mstroke-linecap\u001b[39m=\u001b[32m\"round\"\u001b[39m\n              \u001b[33mstroke-linejoin\u001b[39m=\u001b[32m\"round\"\u001b[39m\n              \u001b[33mstroke-width\u001b[39m=\u001b[32m\"2.5\"\u001b[39m\n              \u001b[33mviewBox\u001b[39m=\u001b[32m\"0 0 24 24\"\u001b[39m\n              \u001b[33mwidth\u001b[39m=\u001b[32m\"15\"\u001b[39m\n              \u001b[33mxmlns\u001b[39m=\u001b[32m\"http://www.w3.org/2000/svg\"\u001b[39m\n            \u001b[36m>\u001b[39m\n              \u001b[36m<polygon\u001b[39m\n                \u001b[33mpoints\u001b[39m=\u001b[32m\"6 3 20 12 6 21 6 3\"\u001b[39m\n              \u001b[36m/>\u001b[39m\n            \u001b[36m</svg>\u001b[39m\n          \u001b[36m</span>\u001b[39m\n          \u001b[36m<span>\u001b[39m\n            \u001b[0mOpenMontage\u001b[0m\n          \u001b[36m</span>\u001b[39m\n        \u001b[36m</a>\u001b[39m\n        \u001b[36m<span\u001b[39m\n          \u001b[33mclass\u001b[39m=\u001b[32m\"workbench-project-title\"\u001b[39m\n        \u001b[36m>\u001b[39m\n          \u001b[0m项目工作台\u001b[0m\n        \u001b[36m</span>\u001b[39m\n        \u001b[36m<div\u001b[39m\n          \u001b[33mclass\u001b[39m=\u001b[32m\"workbench-topbar-actions\"\u001b[39m\n        \u001b[36m>\u001b[39m\n          \u001b[36m<a\u001b[39m\n            \u001b[33mhref\u001b[39m=\u001b[32m\"/wallet\"\u001b[39m\n          \u001b[36m>\u001b[39m\n            \u001b[36m<svg\u001b[39m\n              \u001b[33maria-hidden\u001b[39m=\u001b[32m\"true\"\u001b[39m\n              \u001b[33mclass\u001b[39m=\u001b[32m\"lucide lucide-credit-card\"\u001b[39m\n              \u001b[33mfill\u001b[39m=\u001b[32m\"none\"\u001b[39m\n              \u001b[33mheight\u001b[39m=\u001b[32m\"16\"\u001b[39m\n              \u001b[33mstroke\u001b[39m=\u001b[32m\"currentColor\"\u001b[39m\n              \u001b[33mstroke-linecap\u001b[39m=\u001b[32m\"round\"\u001b[39m\n              \u001b[33mstroke-linejoin\u001b[39m=\u001b[32m\"round\"\u001b[39m\n              \u001b[33mstroke-width\u001b[39m=\u001b[32m\"2\"\u001b[39m\n              \u001b[33mviewBox\u001b[39m=\u001b[32m\"0 0 24 24\"\u001b[39m\n              \u001b[33mwidth\u001b[39m=\u001b[32m\"16\"\u001b[39m\n              \u001b[33mxmlns\u001b[39m=\u001b[32m\"http://www.w3.org/2000/svg\"\u001b[39m\n            \u001b[36m>\u001b[39m\n              \u001b[36m<rect\u001b[39m\n                \u001b[33mheight\u001b[39m=\u001b[32m\"14\"\u001b[39m\n                \u001b[33mrx\u001b[39m=\u001b[32m\"2\"\u001b[39m\n                \u001b[33mwidth\u001b[39m=\u001b[32m\"20\"\u001b[39m\n                \u001b[33mx\u001b[39m=\u001b[32m\"2\"\u001b[39m\n                \u001b[33my\u001b[39m=\u001b[32m\"5\"\u001b[39m\n              \u001b[36m/>\u001b[39m\n              \u001b[36m<line\u001b[39m\n                \u001b[33mx1\u001b[39m=\u001b[32m\"2\"\u001b[39m\n                \u001b[33mx2\u001b[39m=\u001b[32m\"22\"\u001b[39m\n                \u001b[33my1\u001b[39m=\u001b[32m\"10\"\u001b[39m\n                \u001b[33my2\u001b[39m=\u001b[32m\"10\"\u001b[39m\n              \u001b[36m/>\u001b[39m\n            \u001b[36m</svg>\u001b[39m\n            \u001b[0m钱包 1,000\u001b[0m\n          \u001b[36m</a>\u001b[39m\n          \u001b[36m<a\u001b[39m\n            \u001b[33mhref\u001b[39m=\u001b[32m\"/orders\"\u001b[39m\n          \u001b[36m>\u001b[39m\n            \u001b[36m<svg\u001b[39m\n              \u001b[33maria-hidden\u001b[39m=\u001b[32m\"true\"\u001b[39m\n              \u001b[33mclass\u001b[39m=\u001b[32m\"lucide lucide-receipt-text\"\u001b[39m\n              \u001b[33mfill\u001b[39m=\u001b[32m\"none\"\u001b[39m\n              \u001b[33mheight\u001b[39m=\u001b[32m\"16\"\u001b[39m\n              \u001b[33mstroke\u001b[39m=\u001b[32m\"currentColor\"\u001b[39m\n              \u001b[33mstroke-linecap\u001b[39m=\u001b[32m\"round\"\u001b[39m\n              \u001b[33mstroke-linejoin\u001b[39m=\u001b[32m\"round\"\u001b[39m\n              \u001b[33mstroke-width\u001b[39m=\u001b[32m\"2\"\u001b[39m\n              \u001b[33mviewBox\u001b[39m=\u001b[32m\"0 0 24 24\"\u001b[39m\n              \u001b[33mwidth\u001b[39m=\u001b[32m\"16\"\u001b[39m\n              \u001b[33mxmlns\u001b[39m=\u001b[32m\"http://www.w3.org/2000/svg\"\u001b[39m\n            \u001b[36m>\u001b[39m\n              \u001b[36m<path\u001b[39m\n                \u001b[33md\u001b[39m=\u001b[32m\"M4 2v20l2-1 2 1 2-1 2 1 2-1 2 1 2-1 2 1V2l-2 1-2-1-2 1-2-1-2 1-2-1-2 1Z\"\u001b[39m\n              \u001b[36m/>\u001b[39m\n              \u001b[36m<path\u001b[39m\n                \u001b[33md\u001b[39m=\u001b[32m\"M14 8H8\"\u001b[39m\n              \u001b[36m/>\u001b[39m\n              \u001b[36m<path\u001b[39m\n                \u001b[33md\u001b[39m=\u001b[32m\"M16 12H8\"\u001b[39m\n              \u001b[36m/>\u001b[39m\n              \u001b[36m<path\u001b[39m\n                \u001b[33md\u001b[39m=\u001b[32m\"M13 16H8\"\u001b[39m\n              \u001b[36m/>\u001b[39m\n            \u001b[36m</svg>\u001b[39m\n            \u001b[0m订单\u001b[0m\n          \u001b[36m</a>\u001b[39m\n          \u001b[36m<span\u001b[39m\n            \u001b[33mclass\u001b[39m=\u001b[32m\"workbench-account\"\u001b[39m\n          \u001b[36m>\u001b[39m\n            \u001b[36m<svg\u001b[39m\n              \u001b[33maria-hidden\u001b[39m=\u001b[32m\"true\"\u001b[39m\n              \u001b[33mclass\u001b[39m=\u001b[32m\"lucide lucide-circle-user\"\u001b[39m\n              \u001b[33mfill\u001b[39m=\u001b[32m\"none\"\u001b[39m\n              \u001b[33mheight\u001b[39m=\u001b[32m\"16\"\u001b[39m\n              \u001b[33mstroke\u001b[39m=\u001b[32m\"currentColor\"\u001b[39m\n              \u001b[33mstroke-linecap\u001b[39m=\u001b[32m\"round\"\u001b[39m\n              \u001b[33mstroke-linejoin\u001b[39m=\u001b[32m\"round\"\u001b[39m\n              \u001b[33mstroke-width\u001b[39m=\u001b[32m\"2\"\u001b[39m\n              \u001b[33mviewBox\u001b[39m=\u001b[32m\"0 0 24 24\"\u001b[39m\n              \u001b[33mwidth\u001b[39m=\u001b[32m\"16\"\u001b[39m\n              \u001b[33mxmlns\u001b[39m=\u001b[32m\"http://www.w3.org/2000/svg\"\u001b[39m\n            \u001b[36m>\u001b[39m\n              \u001b[36m<circle\u001b[39m\n                \u001b[33mcx\u001b[39m=\u001b[32m\"12\"\u001b[39m\n                \u001b[33mcy\u001b[39m=\u001b[32m\"12\"\u001b[39m\n                \u001b[33mr\u001b[39m=\u001b[32m\"10\"\u001b[39m\n              \u001b[36m/>\u001b[39m\n              \u001b[36m<circle\u001b[39m\n                \u001b[33mcx\u001b[39m=\u001b[32m\"12\"\u001b[39m\n                \u001b[33mcy\u001b[39m=\u001b[32m\"10\"\u001b[39m\n                \u001b[33mr\u001b[39m=\u001b[32m\"3\"\u001b[39m\n              \u001b[36m/>\u001b[39m\n              \u001b[36m<path\u001b[39m\n                \u001b[33md\u001b[39m=\u001b[32m\"M7 20.662V19a2 2 0 0 1 2-2h6a2 2 0 0 1 2 2v1.662\"\u001b[39m\n              \u001b[36m/>\u001b[39m\n            \u001b[36m</svg>\u001b[39m\n            \u001b[0muser@example.com\u001b[0m\n          \u001b[36m</span>\u001b[39m\n          \u001b[36m<button\u001b[39m\n            \u001b[33mtype\u001b[39m=\u001b[32m\"button\"\u001b[39m\n          \u001b[36m>\u001b[39m\n            \u001b[36m<svg\u001b[39m\n              \u001b[33maria-hidden\u001b[39m=\u001b[32m\"true\"\u001b[39m\n              \u001b[33mclass\u001b[39m=\u001b[32m\"lucide lucide-log-out\"\u001b[39m\n              \u001b[33mfill\u001b[39m=\u001b[32m\"none\"\u001b[39m\n              \u001b[33mheight\u001b[39m=\u001b[32m\"16\"\u001b[39m\n              \u001b[33mstroke\u001b[39m=\u001b[32m\"currentColor\"\u001b[39m\n              \u001b[33mstroke-linecap\u001b[39m=\u001b[32m\"round\"\u001b[39m\n              \u001b[33mstroke-linejoin\u001b[39m=\u001b[32m\"round\"\u001b[39m\n              \u001b[33mstroke-width\u001b[39m=\u001b[32m\"2\"\u001b[39m\n              \u001b[33mviewBox\u001b[39m=\u001b[32m\"0 0 24 24\"\u001b[39m\n              \u001b[33mwidth\u001b[39m=\u001b[32m\"16\"\u001b[39m\n              \u001b[33mxmlns\u001b[39m=\u001b[32m\"http://www.w3.org/2000/svg\"\u001b[39m\n            \u001b[36m>\u001
[...]
e.com\u001b[0m\n          \u001b[36m</span>\u001b[39m\n          \u001b[36m<button\u001b[39m\n            \u001b[33mtype\u001b[39m=\u001b[32m\"button\"\u001b[39m\n          \u001b[36m>\u001b[39m\n            \u001b[36m<svg\u001b[39m\n              \u001b[33maria-hidden\u001b[39m=\u001b[32m\"true\"\u001b[39m\n              \u001b[33mclass\u001b[39m=\u001b[32m\"lucide lucide-log-out\"\u001b[39m\n              \u001b[33mfill\u001b[39m=\u001b[32m\"none\"\u001b[39m\n              \u001b[33mheight\u001b[39m=\u001b[32m\"16\"\u001b[39m\n              \u001b[33mstroke\u001b[39m=\u001b[32m\"currentColor\"\u001b[39m\n              \u001b[33mstroke-linecap\u001b[39m=\u001b[32m\"round\"\u001b[39m\n              \u001b[33mstroke-linejoin\u001b[39m=\u001b[32m\"round\"\u001b[39m\n              \u001b[33mstroke-width\u001b[39m=\u001b[32m\"2\"\u001b[39m\n              \u001b[33mviewBox\u001b[39m=\u001b[32m\"0 0 24 24\"\u001b[39m\n              \u001b[33mwidth\u001b[39m=\u001b[32m\"16\"\u001b[39m\n              \u001b[33mxmlns\u001b[39m=\u001b[32m\"http://www.w3.org/2000/svg\"\u001b[39m\n            \u001b[36m>\u001b[39m\n              \u001b[36m<path\u001b[39m\n                \u001b[33md\u001b[39m=\u001b[32m\"M9 21H5a2 2 0 0 1-2-2V5a2 2 0 0 1 2-2h4\"\u001b[39m\n              \u001b[36m/>\u001b[39m\n              \u001b[36m<polyline\u001b[39m\n                \u001b[33mpoints\u001b[39m=\u001b[32m\"16 17 21 12 16 7\"\u001b[39m\n              \u001b[36m/>\u001b[39m\n              \u001b[36m<line\u001b[39m\n                \u001b[33mx1\u001b[39m=\u001b[32m\"21\"\u001b[39m\n                \u001b[33mx2\u001b[39m=\u001b[32m\"9\"\u001b[39m\n                \u001b[33my1\u001b[39m=\u001b[32m\"12\"\u001b[39m\n                \u001b[33my2\u001b[39m=\u001b[32m\"12\"\u001b[39m\n              \u001b[36m/>\u001b[39m\n            \u001b[36m</svg>\u001b[39m\n            \u001b[0m退出\u001b[0m\n          \u001b[36m</button>\u001b[39m\n        \u001b[36m</div>\u001b[39m\n      \u001b[36m</header>\u001b[39m\n      \u001b[36m<div\u001b[39m\n        \u001b[33mclass\u001b[39m=\u001b[32m\"workbench-body\"\u001b[39m\n      \u001b[36m>\u001b[39m\n        \u001b[36m<aside\u001b[39m\n          \u001b[33maria-label\u001b[39m=\u001b[32m\"项目导航\"\u001b[39m\n          \u001b[33mclass\u001b[39m=\u001b[32m\"project-navigation\"\u001b[39m\n        \u001b[36m>\u001b[39m\n          \u001b[36m<div\u001b[39m\n            \u001b[33mclass\u001b[39m=\u001b[32m\"project-navigation-primary\"\u001b[39m\n          \u001b[36m>\u001b[39m\n            \u001b[36m<a\u001b[39m\n              \u001b[33mclass\u001b[39m=\u001b[32m\"\"\u001b[39m\n              \u001b[33mhref\u001b[39m=\u001b[32m\"/projects\"\u001b[39m\n            \u001b[36m>\u001b[39m\n              \u001b[36m<svg\u001b[39m\n                \u001b[33maria-hidden\u001b[39m=\u001b[32m\"true\"\u001b[39m\n                \u001b[33mclass\u001b[39m=\u001b[32m\"lucide lucide-folder-kanban\"\u001b[39m\n                \u001b[33mfill\u001b[39m=\u001b[32m\"none\"\u001b[39m\n                \u001b[33mheight\u001b[39m=\u001b[32m\"17\"\u001b[39m\n                \u001b[33mstroke\u001b[39m=\u001b[32m\"currentColor\"\u001b[39m\n                \u001b[33mstroke-linecap\u001b[39m=\u001b[32m\"round\"\u001b[39m\n                \u001b[33mstroke-linejoin\u001b[39m=\u001b[32m\"round\"\u001b[39m\n                \u001b[33mstroke-width\u001b[39m=\u001b[32m\"2\"\u001b[39m\n                \u001b[33mviewBox\u001b[39m=\u001b[32m\"0 0 24 24\"\u001b[39m\n                \u001b[33mwidth\u001b[39m=\u001b[32m\"17\"\u001b[39m\n                \u001b[33mxmlns\u001b[39m=\u001b[32m\"http://www.w3.org/2000/svg\"\u001b[39m\n              \u001b[36m>\u001b[39m\n                \u001b[36m<path\u001b[39m\n                  \u001b[33md\u001b[39m=\u001b[32m\"M4 20h16a2 2 0 0 0 2-2V8a2 2 0 0 0-2-2h-7.93a2 2 0 0 1-1.66-.9l-.82-1.2A2 2 0 0 0 7.93 3H4a2 2 0 0 0-2 2v13c0 1.1.9 2 2 2Z\"\u001b[39m\n                \u001b[36m/>\u001b[39m\n                \u001b[36m<path\u001b[39m\n                  \u001b[33md\u001b[39m=\u001b[32m\"M8 10v4\"\u001b[39m\n                \u001b[36m/>\u001b[39m\n                \u001b[36m<path\u001b[39m\n                  \u001b[33md\u001b[39m=\u001b[32m\"M12 10v2\"\u001b[39m\n                \u001b[36m/>\u001b[39m\n                \u001b[36m<path\u001b[39m\n                  \u001b[33md\u001b[39m=\u001b[32m\"M16 10v6\"\u001b[39m\n                \u001b[36m/>\u001b[39m\n              \u001b[36m</svg>\u001b[39m\n              \u001b[0m项目\u001b[0m\n            \u001b[36m</a>\u001b[39m\n            \u001b[36m<a\u001b[39m\n              \u001b[33maria-current\u001b[39m=\u001b[32m\"page\"\u001b[39m\n              \u001b[33mclass\u001b[39m=\u001b[32m\"active\"\u001b[39m\n              \u001b[33mhref\u001b[39m=\u001b[32m\"/projects/new\"\u001b[39m\n            \u001b[36m>\u001b[39m\n              \u001b[36m<svg\u001b[39m\n                \u001b[33maria-hidden\u001b[39m=\u001b[32m\"true\"\u001b[39m\n                \u001b[33mclass\u001b[39m=\u001b[32m\"lucide lucide-square-plus\"\u001b[39m\n                \u001b[33mfill\u001b[39m=\u001b[32m\"none\"\u001b[39m\n                \u001b[33mheight\u001b[39m=\u001b[32m\"17\"\u001b[39m\n                \u001b[33mstroke\u001b[39m=\u001b[32m\"currentColor\"\u001b[39m\n                \u001b[33mstroke-linecap\u001b[39m=\u001b[32m\"round\"\u001b[39m\n                \u001b[33mstroke-linejoin\u001b[39m=\u001b[32m\"round\"\u001b[39m\n                \u001b[33mstroke-width\u001b[39m=\u001b[32m\"2\"\u001b[39m\n                \u001b[33mviewBox\u001b[39m=\u001b[32m\"0 0 24 24\"\u001b[39m\n                \u001b[33mwidth\u001b[39m=\u001b[32m\"17\"\u001b[39m\n                \u001b[33mxmlns\u001b[39m=\u001b[32m\"http://www.w3.org/2000/svg\"\u001b[39m\n              \u001b[36m>\u001b[39m\n                \u001b[36m<rect\u001b[39m\n                  \u001b[33mheight\u001b[39m=\u001b[32m\"18\"\u001b[39m\n                  \u001b[33mrx\u001b[39m=\u001b[32m\"2\"\u001b[39m\n                  \u001b[33mwidth\u001b[39m=\u001b[32m\"18\"\u001b[39m\n                  \u001b[33mx\u001b[39m=\u001b[32m\"3\"\u001b[39m\n                  \u001b[33my\u001b[39m=\u001b[32m\"3\"\u001b[39m\n                \u001b[36m/>\u001b[39m\n                \u001b[36m<path\u001b[39m\n                  \u001b[33md\u001b[39m=\u001b[32m\"M8 12h8\"\u001b[39m\n                \u001b[36m/>\u001b[39m\n                \u001b[36m<path\u001b[39m\n                  \u001b[33md\u001b[39m=\u001b[32m\"M12 8v8\"\u001b[39m\n                \u001b[36m/>\u001b[39m\n              \u001b[36m</svg>\u001b[39m\n              \u001b[0m新建项目\u001b[0m\n            \u001b[36m</a>\u001b[39m\n          \u001b[36m</div>\u001b[39m\n        \u001b[36m</aside>\u001b[39m\n        \u001b[36m<main\u001b[39m\n          \u001b[33mclass\u001b[39m=\u001b[32m\"workbench-content\"\u001b[39m\n        \u001b[36m>\u001b[39m\n          \u001b[36m<section\u001b[39m\n            \u001b[33maria-labelledby\u001b[39m=\u001b[32m\"new-project-title\"\u001b[39m\n            \u001b[33mclass\u001b[39m=\u001b[32m\"new-project-page inspiration-start\"\u001b[39m\n          \u001b[36m>\u001b[39m\n            \u001b[36m<div\u001b[39m\n              \u001b[33mclass\u001b[39m=\u001b[32m\"page-heading\"\u001b[39m\n            \u001b[36m>\u001b[39m\n              \u001b[36m<div>\u001b[39m\n                \u001b[36m<a\u001b[39m\n                  \u001b[33mhref\u001b[39m=\u001b[32m\"/projects\"\u001b[39m\n                \u001b[36m>\u001b[39m\n                  \u001b[36m<svg\u001b[39m\n                    \u001b[33maria-hidden\u001b[39m=\u001b[32m\"true\"\u001b[39m\n                    \u001b[33mclass\u001b[39m=\u001b[32m\"lucide lucide-arrow-left\"\u001b[39m\n                    \u001b[33mfill\u001b[39m=\u001b[32m\"none\"\u001b[39m\n                    \u001b[33mheight\u001b[39m=\u001b[32m\"16\"\u001b[39m\n                    \u001b[33mstroke\u001b[39m=\u001b[32m\"currentColor\"\u001b[39m\n                    \u001b[33mstroke-linecap\u001b[39m=\u001b[32m\"round\"\u001b[39m\n                    \u001b[33mstroke-linejoin\u001b[39m=\u001b[32m\"round\"\u001b[39m\n                    \u001b[33mstroke-width\u001b[39m=\u001b[32m\"2\"\u001b[39m\n                    \u001b[33mviewBox\u001b[39m=\u001b[32m\"0 0 24 24\"\u001b[39m\n                    \u001b[33mwidth\u001b[39m=\u001b[32m\"16\"\u001b[39m\n                    \u001b[33mxmlns\u001b[39m=\u001b[32m\"http://www.w3.org/2000/svg\"\u001b[39m\n                  \u001b[36m>\u001b[39m\n                    \u001b[36m<path\u001b[39m\n                      \u001b[33md\u001b[39m=\u001b[32m\"m12 19-7-7 7-7\"\u001b[39m\n                    \u001b[36m/>\u001b[39m\n                    \u001b[36m<path\u001b[39m\n                      \u001b[33md\u001b[39m=\u001b[32m\"M19 12H5\"\u001b[39m\n                    \u001b[36m/>\u001b[39m\n                  \u001b[36m</svg>\u001b[39m\n                  \u001b[0m返回项目列表\u001b[0m\n                \u001b[36m</a>\u001b[39m\n                \u001b[36m<p\u001b[39m\n                  \u001b[33mclass\u001b[39m=\u001b[32m\"inspiration-eyebrow\"\u001b[39m\n                \u001b[36m>\u001b[39m\n                  \u001b[36m<svg\u001b[39m\n                    \u001b[33maria-hidden\u001b[39m=\u001b[32m\"true\"\u001b[39m\n                    \u001b[33mclass\u001b[39m=\u001b[32m\"lucide lucide-sparkles\"\u001b[39m\n                    \u001b[33mfill\u001b[39m=\u001b[32m\"none\"\u001b[39m\n                    \u001b[33mheight\u001b[39m=\u001b[32m\"14\"\u001b[39m\n                    \u001b[33mstroke\u001b[39m=\u001b[32m\"currentColor\"\u001b[39m\n                    \u001b[33mstroke-linecap\u001b[39m=\u001b[32m\"round\"\u001b[39m\n                    \u001b[33mstroke-linejoin\u001b[39m=\u001b[32m\"round\"\u001b[39m\n                    \u001b[33mstroke-width\u001b[39m=\u001b[32m\"2\"\u001b[39m\n                    \u001b[33mviewBox\u001b[39m=\u001b[32m\"0 0 24 24\"\u001b[39m\n                    \u001b[33mwidth\u001b[39m=\u001b[32m\"14\"\u001b[39m\n                    \u001b[33mxmlns\u001b[39m=\u001b[32m\"http://www.w3.org/2000/svg\"\u001b[39m\n                  \u001b[36m>\u001b[39m\n                    \u001b[36m<path\u001b[39m\n                      \u001b[33md\u001b[39m=\u001b[32m\"M9.937 15.5A2 2 0 0 0 8.5 14.063l-6.135-1.582a.5.5 0 0 1 0-.962L8.5 9.936A2 2 0 0 0 9.937 8.5l1.582-6.135a.5.5 0 0 1 .963 0L14.063 8.5A2 2 0 0 0 15.5 9.937l6.135 1.581a.5.5 0 0 1 0 .964L15.5 14.063a2 2 0 0 0-1.437 1.437l-1.582 6.135a.5.5 0 0 1-.963 0z\"\u001b[39m\n                    \u001b[36m/>\u001b[39m\n                    \u001b[36m<path\u001b[39m\n                      \u001b[33md\u001b[39m=\u001b[32m\"M20 3v4\"\u001b[39m\n                    \u001b[36m/>\u001b[39m\n                    \u001b[36m<path\u001b[39m\n                      \u001b[33md\u001b[39m=\u001b[32m\"M22 5h-4\"\u001b[39m\n                    \u001b[36m/>\u001b[39m\n                    \u001b[36m<path\u001b[39m\n                      \u001b[33md\u001b[39m=\u001b[32m\"M4 17v2\"\u001b[39m\n                    \u001b[36m/>\u001b[39m\n                    \u001b[36m<path\u001b[39m\n                      \u001b[33md\u001b[39m=\u001b[32m\"M5 18H3\"\u001b[39m\n                    \u001b[36m/>\u001b[39m\n                  \u001b[36m</svg>\u001b[39m\n                  \u001b[0m灵感起点\u001b[0m\n                \u001b[36m</p>\u001b[39m\n                \u001b[36m<h1\u001b[39m\n                  \u001b[33mid\u001b[39m=\u001b[32m\"new-project-title\"\u001b[39m\n                \u001b[36m>\u001b[39m\n                  \u001b[0m先把想法聊清楚\u001b[0m\n                \u001b[36m</h1>\u001b[39m\n                \u001b[36m<p>\u001b[39m\n                  \u001b[0m我会先和你确认视频的故事、受众、时长和视觉方向，你点头后才开始规划分镜。\u001b[0m\n                \u001b[36m</p>\u001b[39m\n              \u001b[36m</div>\u001b[39m\n            \u001b[36m</div>\u001b[39m\n            \u001b[36m<form\u001b[39m\n              \u001b[33mclass\u001b[39m=\u001b[32m\"inspiration-start-form\"\u001b[39m\n            \u001b[36m>\u001b[39m\n              \u001b[36m<div\u001b[39m\n                \u001b[33mclass\u001b[39m=\u001b[32m\"inspiration-project-fields\"\u001b[39m\n              \u001b[36m>\u001b[39m\n                \u001b[36m<label>\u001b[39m\n                  \u001b[36m<span>\u001b[39m\n                    \u001b[0m项目标题\u001b[0m\n                  \u001b[36m</span>\u001b[39m\n                  \u001b[36m<input\u001b[39m\n                    \u001b[33mplaceholder\u001b[39m=\u001b[32m\"未命名项目\"\u001b[39m\n                    \u001b[33mtype\u001b[39m=\u001b[32m\"text\"\u001b[39m\n                    \u001b[33mvalue\u001b[39m=\u001b[32m\"雨夜来信\"\u001b[39m\n                  \u001b[36m/>\u001b[39m\n                \u001b[36m</label>\u001b[39m\n                \u001b[36m<label>\u001b[39m\n                  \u001b[36m<span>\u001b[39m\n                    \u001b[0m项目类型\u001b[0m\n                  \u001b[36m</span>\u001b[39m\n                  \u001b[36m<select>\u001b[39m\n                    \u001b[36m<option\u001b[39m\n                      \u001b[33mvalue\u001b[39m=\u001b[32m\"single_video\"\u001b[39m\n                    \u001b[36m>\u001b[39m\n                      \u001b[0m单视频\u001b[0m\n                    \u001b[36m</option>\u001b[39m\n                    \u001b[36m<option\u001b[39m\n                      \u001b[33mvalue\u001b[39m=\u001b[32m\"mini_series\"\u001b[39m\n                    \u001b[36m>\u001b[39m\n                      \u001b[0m短系列\u001b[0m\n                    \u001b[36m</option>\u001b[39m\n                    \u001b[36m<option\u001b[39m\n                      \u001b[33mvalue\u001b[39m=\u001b[32m\"long_series\"\u001b[39m\n                    \u001b[36m>\u001b[39m\n                      \u001b[0m长系列\u001b[0m\n                    \u001b[36m</option>\u001b[39m\n                  \u001b[36m</select>\u001b[39m\n                \u001b[36m</label>\u001b[39m\n              \u001b[36m</div>\u001b[39m\n              \u001b[36m<div\u001b[39m\n                \u001b[33mclass\u001b[39m=\u001b[32m\"inspiration-message assistant-message\"\u001b[39m\n              \u001b[36m>\u001b[39m\n                \u001b[36m<span\u001b[39m\n                  \u001b[33maria-hidden\u001b[39m=\u001b[32m\"true\"\u001b[39m\n                  \u001b[33mclass\u001b[39m=\u001b[32m\"message-avatar\"\u001b[39m\n                \u001b[36m>\u001b[39m\n                  \u001b[36m<svg\u001b[39m\n                    \u001b[33mclass\u001b[39m=\u001b[32m\"lucide lucide-message-circle\"\u001b[39m\n                    \u001b[33mfill\u001b[39m=\u001b[32m\"none\"\u001b[39m\n                    \u001b[33mheight\u001b[39m=\u001b[32m\"17\"\u001b[39m\n                    \u001b[33mstroke\u001b[39m=\u001b[32m\"currentColor\"\u001b[39m\n                    \u001b[33mstroke-linecap\u001b[39m=\u001b[32m\"round\"\u001b[39m\n                    \u001b[33mstroke-linejoin\u001b[39m=\u001b[32m\"round\"\u001b[39m\n                    \u001b[33mstroke-width\u001b[39m=\u001b[32m\"2\"\u001b[39m\n                    \u001b[33mviewBox\u001b[39m=\u001b[32m\"0 0 24 24\"\u001b[39m\n                    \u001b[33mwidth\u001b[39m=\u001b[32m\"17\"\u001b[39m\n                    \u001b[33mxmlns\u001b[39m=\u001b[32m\"http://www.w3.org/2000/svg\"\u001b[39m\n                  \u001b[36m>\u001b[39m\n                    \u001b[36m<path\u001b[39m\n                      \u001b[33md\u001b[39m=\u001b[32m\"M7.9 20A9 9 0 1 0 4 16.1L2 22Z\"\u001b[39m\n                    \u001b[36m/>\u001b[39m\n                  \u001b[36m</svg>\u001b[39m\n                \u001b[36m</span>\u001b[39m\n                \u001b[36m<p>\u001b[39m\n                  \u001b[0m你想做一支什么样的视频？\u001b[0m\n                \u001b[36m</p>\u001b[39m\n              \u001b[36m</div>\u001b[39m\n              \u001b[36m<label\u001b[39m\n                \u001b[33mclass\u001b[39m=\u001b[32m\"inspiration-composer\"\u001b[39m\n              \u001b[36m>\u001b[39m\n                \u001b[36m<span\u001b[39m\n                  \u001b[33mclass\u001b[39m=\u001b[32m\"sr-only\"\u001b[39m\n                \u001b[36m>\u001b[39m\n                  \u001b[0m你想做一支什么样的视频？\u001b[0m\n                \u001b[36m</span>\u001b[39m\n                \u001b[36m<textarea\u001b[39m\n                  \u001b[33mplaceholder\u001b[39m=\u001b[32m\"例如：一支 60 秒竖屏悬疑短片，雨夜里的快递员收到一封来自明天的信。\"\u001b[39m\n                  \u001b[33mrows\u001b[39m=\u001b[32m\"5\"\u001b[39m\n                \u001b[36m/>\u001b[39m\n                \u001b[36m<button\u001b[39m\n                  \u001b[33mclass\u001b[39m=\u001b[32m\"primary-button async-action\"\u001b[39m\n                  \u001b[33mtype\u001b[39m=\u001b[32m\"submit\"\u001b[39m\n                \u001b[36m>\u001b[39m\n                  \u001b[36m<svg\u001b[39m\n                    \u001b[33maria-hidden\u001b[39m=\u001b[32m\"true\"\u001b[39m\n                    \u001b[33mclass\u001b[39m=\u001b[32m\"lucide lucide-send\"\u001b[39m\n                    \u001b[33mfill\u001b[39m=\u001b[32m\"none\"\u001b[39m\n                    \u001b[33mheight\u001b[39m=\u001b[32m\"16\"\u001b[39m\n                    \u001b[33mstroke\u001b[39m=\u001b[32m\"currentColor\"\u001b[39m\n                    \u001b[33mstroke-linecap\u001b[39m=\u001b[32m\"round\"\u001b[39m\n                    \u001b[33mstroke-linejoin\u001b[39m=\u001b[32m\"round\"\u001b[39m\n                    \u001b[33mstroke-width\u001b[39m=\u001b[32m\"2\"\u001b[39m\n                    \u001b[33mviewBox\u001b[39m=\u001b[32m\"0 0 24 24\"\u001b[39m\n                    \u001b[33mwidth\u001b[39m=\u001b[32m\"16\"\u001b[39m\n                    \u001b[33mxmlns\u001b[39m=\u001b[32m\"http://www.w3.org/2000/svg\"\u001b[39m\n                  \u001b[36m>\u001b[39m\n                    \u001b[36m<path\u001b[39m\n                      \u001b[33md\u001b[39m=\u001b[32m\"M14.536 21.686a.5.5 0 0 0 .937-.024l6.5-19a.496.496 0 0 0-.635-.635l-19 6.5a.5.5 0 0 0-.024.937l7.93 3.18a2 2 0 0 1 1.112 1.11z\"\u001b[39m\n                    \u001b[36m/>\u001b[39m\n                    \u001b[36m<path\u001b[39m\n                      \u001b[33md\u001b[39m=\u001b[32m\"m21.854 2.147-10.94 10.939\"\u001b[39m\n                    \u001b[36m/>\u001b[39m\n                  \u001b[36m</svg>\u001b[39m\n                  \u001b[0m开始聊灵感\u001b[0m\n                \u001b[36m</button>\u001b[39m\n              \u001b[36m</label>\u001b[39m\n            \u001b[36m</form>\u001b[39m\n          \u001b[36m</section>\u001b[39m\n        \u001b[36m</main>\u001b[39m\n      \u001b[36m</div>\u001b[39m\n    \u001b[36m</div>\u001b[39m\n  \u001b[36m</div>\u001b[39m\n\u001b[36m</body>\u001b[39m\n    at Object.getElementError (C:\\Users\\zhuba\\Desktop\\OpenMontage\\videro\\web\\node_modules\\@testing-library\\dom\\dist\\config.js:37:19)\n    at getAllByLabelText (C:\\Users\\zhuba\\Desktop\\OpenMontage\\videro\\web\\node_modules\\@testing-library\\dom\\dist\\queries\\label-text.js:111:38)\n    at C:\\Users\\zhuba\\Desktop\\OpenMontage\\videro\\web\\node_modules\\@testing-library\\dom\\dist\\query-helpers.js:52:17\n    at C:\\Users\\zhuba\\Desktop\\OpenMontage\\videro\\web\\node_modules\\@testing-library\\dom\\dist\\query-helpers.js:95:19\n    at submitNewProject (C:\\Users\\zhuba\\Desktop\\OpenMontage\\videro\\web\\src\\app\\AppRoutes.test.tsx:249:27)\n    at C:\\Users\\zhuba\\Desktop\\OpenMontage\\videro\\web\\src\\app\\AppRoutes.test.tsx:938:5\n    at file:///C:/Users/zhuba/Desktop/OpenMontage/videro/web/node_modules/@vitest/runner/dist/index.js:533:5\n    at runTest (file:///C:/Users/zhuba/Desktop/OpenMontage/videro/web/node_modules/@vitest/runner/dist/index.js:1056:11)\n    at runSuite (file:///C:/Users/zhuba/Desktop/OpenMontage/videro/web/node_modules/@vitest/runner/dist/index.js:1205:15)\n    at runSuite (file:///C:/Users/zhuba/Desktop/OpenMontage/videro/web/node_modules/@vitest/runner/dist/index.js:1205:15)"],"meta":{}}],"startTime":1784097003651,"endTime":1784097013111.718,"status":"failed","message":"","name":"C:/Users/zhuba/Desktop/OpenMontage/videro/web/src/app/AppRoutes.test.tsx"}]}